[0.074s] Invoking command in '/home/mrstalford/ros2_ws/src/pavbot_imu/build/pavbot_imu': CMAKE_PREFIX_PATH=${CMAKE_PREFIX_PATH}:/opt/ros/humble /usr/bin/cmake --build /home/mrstalford/ros2_ws/src/pavbot_imu/build/pavbot_imu -- -j4 -l4
[0.262s] [35m[1mConsolidate compiler generated dependencies of target pavbot_imu[0m
[0.364s] [ 50%] [32mBuilding CXX object CMakeFiles/pavbot_imu.dir/src/pavbot_imu.cpp.o[0m
[19.339s] [100%] [32m[1mLinking CXX executable pavbot_imu[0m
[20.355s] [100%] Built target pavbot_imu
[20.397s] Invoked command in '/home/mrstalford/ros2_ws/src/pavbot_imu/build/pavbot_imu' returned '0': CMAKE_PREFIX_PATH=${CMAKE_PREFIX_PATH}:/opt/ros/humble /usr/bin/cmake --build /home/mrstalford/ros2_ws/src/pavbot_imu/build/pavbot_imu -- -j4 -l4
[20.444s] Invoking command in '/home/mrstalford/ros2_ws/src/pavbot_imu/build/pavbot_imu': CMAKE_PREFIX_PATH=${CMAKE_PREFIX_PATH}:/opt/ros/humble /usr/bin/cmake --install /home/mrstalford/ros2_ws/src/pavbot_imu/build/pavbot_imu
[20.471s] -- Install configuration: ""
[20.473s] -- Installing: /home/mrstalford/ros2_ws/src/pavbot_imu/install/pavbot_imu/lib/pavbot_imu/pavbot_imu
[20.486s] -- Set runtime path of "/home/mrstalford/ros2_ws/src/pavbot_imu/install/pavbot_imu/lib/pavbot_imu/pavbot_imu" to ""
[20.486s] -- Up-to-date: /home/mrstalford/ros2_ws/src/pavbot_imu/install/pavbot_imu/share/pavbot_imu/launch
[20.487s] -- Up-to-date: /home/mrstalford/ros2_ws/src/pavbot_imu/install/pavbot_imu/share/pavbot_imu/launch/imu.launch.py
[20.487s] -- Up-to-date: /home/mrstalford/ros2_ws/src/pavbot_imu/install/pavbot_imu/share/ament_index/resource_index/package_run_dependencies/pavbot_imu
[20.488s] -- Up-to-date: /home/mrstalford/ros2_ws/src/pavbot_imu/install/pavbot_imu/share/ament_index/resource_index/parent_prefix_path/pavbot_imu
[20.488s] -- Up-to-date: /home/mrstalford/ros2_ws/src/pavbot_imu/install/pavbot_imu/share/pavbot_imu/environment/ament_prefix_path.sh
[20.489s] -- Up-to-date: /home/mrstalford/ros2_ws/src/pavbot_imu/install/pavbot_imu/share/pavbot_imu/environment/ament_prefix_path.dsv
[20.489s] -- Up-to-date: /home/mrstalford/ros2_ws/src/pavbot_imu/install/pavbot_imu/share/pavbot_imu/environment/path.sh
[20.490s] -- Up-to-date: /home/mrstalford/ros2_ws/src/pavbot_imu/install/pavbot_imu/share/pavbot_imu/environment/path.dsv
[20.490s] -- Up-to-date: /home/mrstalford/ros2_ws/src/pavbot_imu/install/pavbot_imu/share/pavbot_imu/local_setup.bash
[20.491s] -- Up-to-date: /home/mrstalford/ros2_ws/src/pavbot_imu/install/pavbot_imu/share/pavbot_imu/local_setup.sh
[20.491s] -- Up-to-date: /home/mrstalford/ros2_ws/src/pavbot_imu/install/pavbot_imu/share/pavbot_imu/local_setup.zsh
[20.491s] -- Up-to-date: /home/mrstalford/ros2_ws/src/pavbot_imu/install/pavbot_imu/share/pavbot_imu/local_setup.dsv
[20.492s] -- Installing: /home/mrstalford/ros2_ws/src/pavbot_imu/install/pavbot_imu/share/pavbot_imu/package.dsv
[20.493s] -- Up-to-date: /home/mrstalford/ros2_ws/src/pavbot_imu/install/pavbot_imu/share/ament_index/resource_index/packages/pavbot_imu
[20.493s] -- Up-to-date: /home/mrstalford/ros2_ws/src/pavbot_imu/install/pavbot_imu/share/pavbot_imu/cmake/pavbot_imuConfig.cmake
[20.494s] -- Up-to-date: /home/mrstalford/ros2_ws/src/pavbot_imu/install/pavbot_imu/share/pavbot_imu/cmake/pavbot_imuConfig-version.cmake
[20.494s] -- Up-to-date: /home/mrstalford/ros2_ws/src/pavbot_imu/install/pavbot_imu/share/pavbot_imu/package.xml
[20.501s] Invoked command in '/home/mrstalford/ros2_ws/src/pavbot_imu/build/pavbot_imu' returned '0': CMAKE_PREFIX_PATH=${CMAKE_PREFIX_PATH}:/opt/ros/humble /usr/bin/cmake --install /home/mrstalford/ros2_ws/src/pavbot_imu/build/pavbot_imu
