[0.470s] DEBUG:colcon:Command line arguments: ['/usr/bin/colcon', 'build']
[0.470s] DEBUG:colcon:Parsed command line arguments: Namespace(log_base=None, log_level=None, verb_name='build', build_base='build', install_base='install', merge_install=False, symlink_install=False, test_result_base=None, continue_on_error=False, executor='parallel', parallel_workers=4, event_handlers=None, ignore_user_meta=False, metas=['./colcon.meta'], base_paths=['.'], packages_ignore=None, packages_ignore_regex=None, paths=None, packages_up_to=None, packages_up_to_regex=None, packages_above=None, packages_above_and_dependencies=None, packages_above_depth=None, packages_select_by_dep=None, packages_skip_by_dep=None, packages_skip_up_to=None, packages_select_build_failed=False, packages_skip_build_finished=False, packages_select_test_failures=False, packages_skip_test_passed=False, packages_select=None, packages_skip=None, packages_select_regex=None, packages_skip_regex=None, packages_start=None, packages_end=None, allow_overriding=[], cmake_args=None, cmake_target=None, cmake_target_skip_unavailable=False, cmake_clean_cache=False, cmake_clean_first=False, cmake_force_configure=False, ament_cmake_args=None, catkin_cmake_args=None, catkin_skip_building_tests=False, mixin_files=None, mixin=None, verb_parser=<colcon_mixin.mixin.mixin_argument.MixinArgumentDecorator object at 0xffffa60c1180>, verb_extension=<colcon_core.verb.build.BuildVerb object at 0xffffa626a0e0>, main=<bound method BuildVerb.main of <colcon_core.verb.build.BuildVerb object at 0xffffa626a0e0>>, mixin_verb=('build',))
[1.418s] Level 1:colcon.colcon_core.package_discovery:discover_packages(colcon_meta) check parameters
[1.419s] Level 1:colcon.colcon_core.package_discovery:discover_packages(recursive) check parameters
[1.419s] Level 1:colcon.colcon_core.package_discovery:discover_packages(ignore) check parameters
[1.419s] Level 1:colcon.colcon_core.package_discovery:discover_packages(path) check parameters
[1.419s] Level 1:colcon.colcon_core.package_discovery:discover_packages(colcon_meta) discover
[1.420s] Level 1:colcon.colcon_core.package_discovery:discover_packages(recursive) discover
[1.420s] INFO:colcon.colcon_core.package_discovery:Crawling recursively for packages in '/home/mrstalford/ros2_ws/src/pavbot_imu'
[1.420s] Level 1:colcon.colcon_core.package_identification:_identify(.) by extensions ['ignore', 'ignore_ament_install']
[1.421s] Level 1:colcon.colcon_core.package_identification:_identify(.) by extension 'ignore'
[1.421s] Level 1:colcon.colcon_core.package_identification:_identify(.) by extension 'ignore_ament_install'
[1.421s] Level 1:colcon.colcon_core.package_identification:_identify(.) by extensions ['colcon_pkg']
[1.422s] Level 1:colcon.colcon_core.package_identification:_identify(.) by extension 'colcon_pkg'
[1.422s] Level 1:colcon.colcon_core.package_identification:_identify(.) by extensions ['colcon_meta']
[1.422s] Level 1:colcon.colcon_core.package_identification:_identify(.) by extension 'colcon_meta'
[1.422s] Level 1:colcon.colcon_core.package_identification:_identify(.) by extensions ['ros']
[1.422s] Level 1:colcon.colcon_core.package_identification:_identify(.) by extension 'ros'
[1.475s] DEBUG:colcon.colcon_core.package_identification:Package '.' with type 'ros.ament_cmake' and name 'pavbot_imu'
[1.475s] Level 1:colcon.colcon_core.package_discovery:discover_packages(recursive) using defaults
[1.476s] Level 1:colcon.colcon_core.package_discovery:discover_packages(ignore) discover
[1.476s] Level 1:colcon.colcon_core.package_discovery:discover_packages(ignore) using defaults
[1.476s] Level 1:colcon.colcon_core.package_discovery:discover_packages(path) discover
[1.476s] Level 1:colcon.colcon_core.package_discovery:discover_packages(path) using defaults
[1.604s] Level 1:colcon.colcon_core.package_discovery:discover_packages(prefix_path) check parameters
[1.604s] Level 1:colcon.colcon_core.package_discovery:discover_packages(prefix_path) discover
[1.615s] DEBUG:colcon.colcon_installed_package_information.package_discovery:Found 1 installed packages in /home/mrstalford/ros2_ws/src/pavbot_imu/install
[1.618s] DEBUG:colcon.colcon_installed_package_information.package_discovery:Found 3 installed packages in /home/mrstalford/ros2_ws/install
[1.627s] DEBUG:colcon.colcon_installed_package_information.package_discovery:Found 272 installed packages in /opt/ros/humble
[1.633s] Level 1:colcon.colcon_core.package_discovery:discover_packages(prefix_path) using defaults
[1.801s] Level 5:colcon.colcon_core.verb:set package 'pavbot_imu' build argument 'cmake_args' from command line to 'None'
[1.801s] Level 5:colcon.colcon_core.verb:set package 'pavbot_imu' build argument 'cmake_target' from command line to 'None'
[1.801s] Level 5:colcon.colcon_core.verb:set package 'pavbot_imu' build argument 'cmake_target_skip_unavailable' from command line to 'False'
[1.801s] Level 5:colcon.colcon_core.verb:set package 'pavbot_imu' build argument 'cmake_clean_cache' from command line to 'False'
[1.801s] Level 5:colcon.colcon_core.verb:set package 'pavbot_imu' build argument 'cmake_clean_first' from command line to 'False'
[1.801s] Level 5:colcon.colcon_core.verb:set package 'pavbot_imu' build argument 'cmake_force_configure' from command line to 'False'
[1.801s] Level 5:colcon.colcon_core.verb:set package 'pavbot_imu' build argument 'ament_cmake_args' from command line to 'None'
[1.802s] Level 5:colcon.colcon_core.verb:set package 'pavbot_imu' build argument 'catkin_cmake_args' from command line to 'None'
[1.802s] Level 5:colcon.colcon_core.verb:set package 'pavbot_imu' build argument 'catkin_skip_building_tests' from command line to 'False'
[1.802s] DEBUG:colcon.colcon_core.verb:Building package 'pavbot_imu' with the following arguments: {'ament_cmake_args': None, 'build_base': '/home/mrstalford/ros2_ws/src/pavbot_imu/build/pavbot_imu', 'catkin_cmake_args': None, 'catkin_skip_building_tests': False, 'cmake_args': None, 'cmake_clean_cache': False, 'cmake_clean_first': False, 'cmake_force_configure': False, 'cmake_target': None, 'cmake_target_skip_unavailable': False, 'install_base': '/home/mrstalford/ros2_ws/src/pavbot_imu/install/pavbot_imu', 'merge_install': False, 'path': '/home/mrstalford/ros2_ws/src/pavbot_imu', 'symlink_install': False, 'test_result_base': None}
[1.802s] INFO:colcon.colcon_core.executor:Executing jobs using 'parallel' executor
[1.806s] DEBUG:colcon.colcon_parallel_executor.executor.parallel:run_until_complete
[1.807s] INFO:colcon.colcon_ros.task.ament_cmake.build:Building ROS package in '/home/mrstalford/ros2_ws/src/pavbot_imu' with build type 'ament_cmake'
[1.808s] INFO:colcon.colcon_cmake.task.cmake.build:Building CMake package in '/home/mrstalford/ros2_ws/src/pavbot_imu'
[1.816s] INFO:colcon.colcon_core.plugin_system:Skipping extension 'colcon_core.shell.bat': Not used on non-Windows systems
[1.817s] INFO:colcon.colcon_core.shell:Skip shell extension 'powershell' for command environment: Not usable outside of PowerShell
[1.817s] DEBUG:colcon.colcon_core.shell:Skip shell extension 'dsv' for command environment
[1.879s] DEBUG:colcon.colcon_core.event_handler.log_command:Invoking command in '/home/mrstalford/ros2_ws/src/pavbot_imu/build/pavbot_imu': CMAKE_PREFIX_PATH=${CMAKE_PREFIX_PATH}:/opt/ros/humble /usr/bin/cmake --build /home/mrstalford/ros2_ws/src/pavbot_imu/build/pavbot_imu -- -j4 -l4
[21.729s] DEBUG:colcon.colcon_core.event_handler.log_command:Invoked command in '/home/mrstalford/ros2_ws/src/pavbot_imu/build/pavbot_imu' returned '0': CMAKE_PREFIX_PATH=${CMAKE_PREFIX_PATH}:/opt/ros/humble /usr/bin/cmake --build /home/mrstalford/ros2_ws/src/pavbot_imu/build/pavbot_imu -- -j4 -l4
[21.775s] DEBUG:colcon.colcon_core.event_handler.log_command:Invoking command in '/home/mrstalford/ros2_ws/src/pavbot_imu/build/pavbot_imu': CMAKE_PREFIX_PATH=${CMAKE_PREFIX_PATH}:/opt/ros/humble /usr/bin/cmake --install /home/mrstalford/ros2_ws/src/pavbot_imu/build/pavbot_imu
[21.838s] Level 1:colcon.colcon_core.environment:create_environment_scripts_only(pavbot_imu)
[21.840s] DEBUG:colcon.colcon_core.event_handler.log_command:Invoked command in '/home/mrstalford/ros2_ws/src/pavbot_imu/build/pavbot_imu' returned '0': CMAKE_PREFIX_PATH=${CMAKE_PREFIX_PATH}:/opt/ros/humble /usr/bin/cmake --install /home/mrstalford/ros2_ws/src/pavbot_imu/build/pavbot_imu
[21.849s] Level 1:colcon.colcon_core.environment:checking '/home/mrstalford/ros2_ws/src/pavbot_imu/install/pavbot_imu' for CMake module files
[21.852s] Level 1:colcon.colcon_core.environment:checking '/home/mrstalford/ros2_ws/src/pavbot_imu/install/pavbot_imu' for CMake config files
[21.854s] Level 1:colcon.colcon_core.shell:create_environment_hook('pavbot_imu', 'cmake_prefix_path')
[21.855s] INFO:colcon.colcon_core.shell:Creating environment hook '/home/mrstalford/ros2_ws/src/pavbot_imu/install/pavbot_imu/share/pavbot_imu/hook/cmake_prefix_path.ps1'
[21.858s] INFO:colcon.colcon_core.shell:Creating environment descriptor '/home/mrstalford/ros2_ws/src/pavbot_imu/install/pavbot_imu/share/pavbot_imu/hook/cmake_prefix_path.dsv'
[21.860s] INFO:colcon.colcon_core.shell:Creating environment hook '/home/mrstalford/ros2_ws/src/pavbot_imu/install/pavbot_imu/share/pavbot_imu/hook/cmake_prefix_path.sh'
[21.864s] Level 1:colcon.colcon_core.environment:checking '/home/mrstalford/ros2_ws/src/pavbot_imu/install/pavbot_imu/lib'
[21.865s] Level 1:colcon.colcon_core.environment:checking '/home/mrstalford/ros2_ws/src/pavbot_imu/install/pavbot_imu/bin'
[21.866s] Level 1:colcon.colcon_core.environment:checking '/home/mrstalford/ros2_ws/src/pavbot_imu/install/pavbot_imu/lib/pkgconfig/pavbot_imu.pc'
[21.867s] Level 1:colcon.colcon_core.environment:checking '/home/mrstalford/ros2_ws/src/pavbot_imu/install/pavbot_imu/lib/python3.10/site-packages'
[21.868s] Level 1:colcon.colcon_core.environment:checking '/home/mrstalford/ros2_ws/src/pavbot_imu/install/pavbot_imu/bin'
[21.869s] INFO:colcon.colcon_core.shell:Creating package script '/home/mrstalford/ros2_ws/src/pavbot_imu/install/pavbot_imu/share/pavbot_imu/package.ps1'
[21.873s] INFO:colcon.colcon_core.shell:Creating package descriptor '/home/mrstalford/ros2_ws/src/pavbot_imu/install/pavbot_imu/share/pavbot_imu/package.dsv'
[21.875s] INFO:colcon.colcon_core.shell:Creating package script '/home/mrstalford/ros2_ws/src/pavbot_imu/install/pavbot_imu/share/pavbot_imu/package.sh'
[21.879s] INFO:colcon.colcon_core.shell:Creating package script '/home/mrstalford/ros2_ws/src/pavbot_imu/install/pavbot_imu/share/pavbot_imu/package.bash'
[21.883s] INFO:colcon.colcon_core.shell:Creating package script '/home/mrstalford/ros2_ws/src/pavbot_imu/install/pavbot_imu/share/pavbot_imu/package.zsh'
[21.886s] Level 1:colcon.colcon_core.environment:create_file_with_runtime_dependencies(/home/mrstalford/ros2_ws/src/pavbot_imu/install/pavbot_imu/share/colcon-core/packages/pavbot_imu)
[21.889s] Level 1:colcon.colcon_core.environment:create_environment_scripts_only(pavbot_imu)
[21.890s] Level 1:colcon.colcon_core.environment:checking '/home/mrstalford/ros2_ws/src/pavbot_imu/install/pavbot_imu' for CMake module files
[21.893s] Level 1:colcon.colcon_core.environment:checking '/home/mrstalford/ros2_ws/src/pavbot_imu/install/pavbot_imu' for CMake config files
[21.895s] Level 1:colcon.colcon_core.shell:create_environment_hook('pavbot_imu', 'cmake_prefix_path')
[21.895s] INFO:colcon.colcon_core.shell:Creating environment hook '/home/mrstalford/ros2_ws/src/pavbot_imu/install/pavbot_imu/share/pavbot_imu/hook/cmake_prefix_path.ps1'
[21.898s] INFO:colcon.colcon_core.shell:Creating environment descriptor '/home/mrstalford/ros2_ws/src/pavbot_imu/install/pavbot_imu/share/pavbot_imu/hook/cmake_prefix_path.dsv'
[21.899s] INFO:colcon.colcon_core.shell:Creating environment hook '/home/mrstalford/ros2_ws/src/pavbot_imu/install/pavbot_imu/share/pavbot_imu/hook/cmake_prefix_path.sh'
[21.902s] Level 1:colcon.colcon_core.environment:checking '/home/mrstalford/ros2_ws/src/pavbot_imu/install/pavbot_imu/lib'
[21.903s] Level 1:colcon.colcon_core.environment:checking '/home/mrstalford/ros2_ws/src/pavbot_imu/install/pavbot_imu/bin'
[21.903s] Level 1:colcon.colcon_core.environment:checking '/home/mrstalford/ros2_ws/src/pavbot_imu/install/pavbot_imu/lib/pkgconfig/pavbot_imu.pc'
[21.904s] Level 1:colcon.colcon_core.environment:checking '/home/mrstalford/ros2_ws/src/pavbot_imu/install/pavbot_imu/lib/python3.10/site-packages'
[21.906s] Level 1:colcon.colcon_core.environment:checking '/home/mrstalford/ros2_ws/src/pavbot_imu/install/pavbot_imu/bin'
[21.908s] INFO:colcon.colcon_core.shell:Creating package script '/home/mrstalford/ros2_ws/src/pavbot_imu/install/pavbot_imu/share/pavbot_imu/package.ps1'
[21.912s] INFO:colcon.colcon_core.shell:Creating package descriptor '/home/mrstalford/ros2_ws/src/pavbot_imu/install/pavbot_imu/share/pavbot_imu/package.dsv'
[21.915s] INFO:colcon.colcon_core.shell:Creating package script '/home/mrstalford/ros2_ws/src/pavbot_imu/install/pavbot_imu/share/pavbot_imu/package.sh'
[21.918s] INFO:colcon.colcon_core.shell:Creating package script '/home/mrstalford/ros2_ws/src/pavbot_imu/install/pavbot_imu/share/pavbot_imu/package.bash'
[21.920s] INFO:colcon.colcon_core.shell:Creating package script '/home/mrstalford/ros2_ws/src/pavbot_imu/install/pavbot_imu/share/pavbot_imu/package.zsh'
[21.923s] Level 1:colcon.colcon_core.environment:create_file_with_runtime_dependencies(/home/mrstalford/ros2_ws/src/pavbot_imu/install/pavbot_imu/share/colcon-core/packages/pavbot_imu)
[21.924s] DEBUG:colcon.colcon_parallel_executor.executor.parallel:closing loop
[21.925s] DEBUG:colcon.colcon_parallel_executor.executor.parallel:loop closed
[21.925s] DEBUG:colcon.colcon_parallel_executor.executor.parallel:run_until_complete finished with '0'
[21.926s] DEBUG:colcon.colcon_core.event_reactor:joining thread
[21.952s] INFO:colcon.colcon_core.plugin_system:Skipping extension 'colcon_notification.desktop_notification.terminal_notifier': Not used on non-Darwin systems
[21.952s] INFO:colcon.colcon_core.plugin_system:Skipping extension 'colcon_notification.desktop_notification.win32': Not used on non-Windows systems
[21.953s] INFO:colcon.colcon_notification.desktop_notification:Sending desktop notification using 'notify2'
[22.008s] DEBUG:colcon.colcon_core.event_reactor:joined thread
[22.009s] INFO:colcon.colcon_core.shell:Creating prefix script '/home/mrstalford/ros2_ws/src/pavbot_imu/install/local_setup.ps1'
[22.014s] INFO:colcon.colcon_core.shell:Creating prefix util module '/home/mrstalford/ros2_ws/src/pavbot_imu/install/_local_setup_util_ps1.py'
[22.023s] INFO:colcon.colcon_core.shell:Creating prefix chain script '/home/mrstalford/ros2_ws/src/pavbot_imu/install/setup.ps1'
[22.031s] INFO:colcon.colcon_core.shell:Creating prefix script '/home/mrstalford/ros2_ws/src/pavbot_imu/install/local_setup.sh'
[22.036s] INFO:colcon.colcon_core.shell:Creating prefix util module '/home/mrstalford/ros2_ws/src/pavbot_imu/install/_local_setup_util_sh.py'
[22.041s] INFO:colcon.colcon_core.shell:Creating prefix chain script '/home/mrstalford/ros2_ws/src/pavbot_imu/install/setup.sh'
[22.049s] INFO:colcon.colcon_core.shell:Creating prefix script '/home/mrstalford/ros2_ws/src/pavbot_imu/install/local_setup.bash'
[22.052s] INFO:colcon.colcon_core.shell:Creating prefix chain script '/home/mrstalford/ros2_ws/src/pavbot_imu/install/setup.bash'
[22.060s] INFO:colcon.colcon_core.shell:Creating prefix script '/home/mrstalford/ros2_ws/src/pavbot_imu/install/local_setup.zsh'
[22.063s] INFO:colcon.colcon_core.shell:Creating prefix chain script '/home/mrstalford/ros2_ws/src/pavbot_imu/install/setup.zsh'
