In file included from [01m[K/opt/ros/humble/include/rclcpp/rclcpp/logging.hpp:24[m[K,
                 from [01m[K/opt/ros/humble/include/rclcpp/rclcpp/client.hpp:40[m[K,
                 from [01m[K/opt/ros/humble/include/rclcpp/rclcpp/callback_group.hpp:24[m[K,
                 from [01m[K/opt/ros/humble/include/rclcpp/rclcpp/any_executable.hpp:20[m[K,
                 from [01m[K/opt/ros/humble/include/rclcpp/rclcpp/memory_strategy.hpp:25[m[K,
                 from [01m[K/opt/ros/humble/include/rclcpp/rclcpp/memory_strategies.hpp:18[m[K,
                 from [01m[K/opt/ros/humble/include/rclcpp/rclcpp/executor_options.hpp:20[m[K,
                 from [01m[K/opt/ros/humble/include/rclcpp/rclcpp/executor.hpp:37[m[K,
                 from [01m[K/opt/ros/humble/include/rclcpp/rclcpp/executors/multi_threaded_executor.hpp:25[m[K,
                 from [01m[K/opt/ros/humble/include/rclcpp/rclcpp/executors.hpp:21[m[K,
                 from [01m[K/opt/ros/humble/include/rclcpp/rclcpp/rclcpp.hpp:155[m[K,
                 from [01m[K/home/mrstalford/ros2_ws/src/pavbot_imu/src/pavbot_imu.cpp:21[m[K:
[01m[K/home/mrstalford/ros2_ws/src/pavbot_imu/src/pavbot_imu.cpp:[m[K In member function ‘[01m[Kvoid PavbotIMU::update()[m[K’:
[01m[K/home/mrstalford/ros2_ws/src/pavbot_imu/src/pavbot_imu.cpp:56:31:[m[K [01;35m[Kwarning: [m[Kformat ‘[01m[K%f[m[K’ expects argument of type ‘[01m[Kdouble[m[K’, but argument 6 has type ‘[01m[Kint[m[K’ [[01;35m[K]8;;https://gcc.gnu.org/onlinedocs/gcc/Warning-Options.html#index-Wformat=-Wformat=]8;;[m[K]
   56 |     RCLCPP_INFO(get_logger(), [01;35m[K"Debug:\n"[m[K
      |                               [01;35m[K^~~~~~~~~~[m[K
   57 | [01;35m[K    "Heading:          %4.1f degrees\n"[m[K
      |     [01;35m[K~~~~~~~~~~~~~~~~~~~~~~~~~~~~~~~~~~~[m[K
   58 | [01;35m[K    "Position:         %4.1f\n"[m[K
      |     [01;35m[K~~~~~~~~~~~~~~~~~~~~~~~~~~~[m[K
   59 | [01;35m[K    "Angular Velocity: %4.1f\n"[m[K, headingMsg.data, [32m[K1[m[K, 1);
      |     [01;35m[K~~~~~~~~~~~~~~~~~~~~~~~~~~~[m[K                   [32m[K~[m[K
      |                                                   [32m[K|[m[K
      |                                                   [32m[Kint[m[K
[01m[K/home/mrstalford/ros2_ws/src/pavbot_imu/src/pavbot_imu.cpp:58:28:[m[K [01;36m[Knote: [m[Kformat string is defined here
   58 |     "Position:         [01;36m[K%4.1f[m[K\n"
      |                        [01;36m[K~~~~^[m[K
      |                            [01;36m[K|[m[K
      |                            [01;36m[Kdouble[m[K
      |                        [32m[K%4.1d[m[K
In file included from [01m[K/opt/ros/humble/include/rclcpp/rclcpp/logging.hpp:24[m[K,
                 from [01m[K/opt/ros/humble/include/rclcpp/rclcpp/client.hpp:40[m[K,
                 from [01m[K/opt/ros/humble/include/rclcpp/rclcpp/callback_group.hpp:24[m[K,
                 from [01m[K/opt/ros/humble/include/rclcpp/rclcpp/any_executable.hpp:20[m[K,
                 from [01m[K/opt/ros/humble/include/rclcpp/rclcpp/memory_strategy.hpp:25[m[K,
                 from [01m[K/opt/ros/humble/include/rclcpp/rclcpp/memory_strategies.hpp:18[m[K,
                 from [01m[K/opt/ros/humble/include/rclcpp/rclcpp/executor_options.hpp:20[m[K,
                 from [01m[K/opt/ros/humble/include/rclcpp/rclcpp/executor.hpp:37[m[K,
                 from [01m[K/opt/ros/humble/include/rclcpp/rclcpp/executors/multi_threaded_executor.hpp:25[m[K,
                 from [01m[K/opt/ros/humble/include/rclcpp/rclcpp/executors.hpp:21[m[K,
                 from [01m[K/opt/ros/humble/include/rclcpp/rclcpp/rclcpp.hpp:155[m[K,
                 from [01m[K/home/mrstalford/ros2_ws/src/pavbot_imu/src/pavbot_imu.cpp:21[m[K:
[01m[K/home/mrstalford/ros2_ws/src/pavbot_imu/src/pavbot_imu.cpp:56:31:[m[K [01;35m[Kwarning: [m[Kformat ‘[01m[K%f[m[K’ expects argument of type ‘[01m[Kdouble[m[K’, but argument 7 has type ‘[01m[Kint[m[K’ [[01;35m[K]8;;https://gcc.gnu.org/onlinedocs/gcc/Warning-Options.html#index-Wformat=-Wformat=]8;;[m[K]
   56 |     RCLCPP_INFO(get_logger(), [01;35m[K"Debug:\n"[m[K
      |                               [01;35m[K^~~~~~~~~~[m[K
   57 | [01;35m[K    "Heading:          %4.1f degrees\n"[m[K
      |     [01;35m[K~~~~~~~~~~~~~~~~~~~~~~~~~~~~~~~~~~~[m[K
   58 | [01;35m[K    "Position:         %4.1f\n"[m[K
      |     [01;35m[K~~~~~~~~~~~~~~~~~~~~~~~~~~~[m[K
   59 | [01;35m[K    "Angular Velocity: %4.1f\n"[m[K, headingMsg.data, 1, [32m[K1[m[K);
      |     [01;35m[K~~~~~~~~~~~~~~~~~~~~~~~~~~~[m[K                      [32m[K~[m[K
      |                                                      [32m[K|[m[K
      |                                                      [32m[Kint[m[K
[01m[K/home/mrstalford/ros2_ws/src/pavbot_imu/src/pavbot_imu.cpp:59:28:[m[K [01;36m[Knote: [m[Kformat string is defined here
   59 |     "Angular Velocity: [01;36m[K%4.1f[m[K\n", headingMsg.data, 1, 1);
      |                        [01;36m[K~~~~^[m[K
      |                            [01;36m[K|[m[K
      |                            [01;36m[Kdouble[m[K
      |                        [32m[K%4.1d[m[K
