[0.076s] Invoking command in '/home/mrstalford/ros2_ws/src/pavbot_imu/build/pavbot_imu': CMAKE_PREFIX_PATH=${CMAKE_PREFIX_PATH}:/opt/ros/humble /usr/bin/cmake --build /home/mrstalford/ros2_ws/src/pavbot_imu/build/pavbot_imu -- -j4 -l4
[0.267s] [35m[1mConsolidate compiler generated dependencies of target pavbot_imu[0m
[0.372s] [ 50%] [32mBuilding CXX object CMakeFiles/pavbot_imu.dir/src/pavbot_imu.cpp.o[0m
[11.015s] In file included from [01m[K/opt/ros/humble/include/rclcpp/rclcpp/logging.hpp:24[m[K,
[11.016s]                  from [01m[K/opt/ros/humble/include/rclcpp/rclcpp/client.hpp:40[m[K,
[11.017s]                  from [01m[K/opt/ros/humble/include/rclcpp/rclcpp/callback_group.hpp:24[m[K,
[11.018s]                  from [01m[K/opt/ros/humble/include/rclcpp/rclcpp/any_executable.hpp:20[m[K,
[11.019s]                  from [01m[K/opt/ros/humble/include/rclcpp/rclcpp/memory_strategy.hpp:25[m[K,
[11.020s]                  from [01m[K/opt/ros/humble/include/rclcpp/rclcpp/memory_strategies.hpp:18[m[K,
[11.021s]                  from [01m[K/opt/ros/humble/include/rclcpp/rclcpp/executor_options.hpp:20[m[K,
[11.022s]                  from [01m[K/opt/ros/humble/include/rclcpp/rclcpp/executor.hpp:37[m[K,
[11.023s]                  from [01m[K/opt/ros/humble/include/rclcpp/rclcpp/executors/multi_threaded_executor.hpp:25[m[K,
[11.024s]                  from [01m[K/opt/ros/humble/include/rclcpp/rclcpp/executors.hpp:21[m[K,
[11.025s]                  from [01m[K/opt/ros/humble/include/rclcpp/rclcpp/rclcpp.hpp:155[m[K,
[11.026s]                  from [01m[K/home/mrstalford/ros2_ws/src/pavbot_imu/src/pavbot_imu.cpp:21[m[K:
[11.027s] [01m[K/home/mrstalford/ros2_ws/src/pavbot_imu/src/pavbot_imu.cpp:[m[K In member function ‘[01m[Kvoid PavbotIMU::update()[m[K’:
[11.033s] [01m[K/home/mrstalford/ros2_ws/src/pavbot_imu/src/pavbot_imu.cpp:56:31:[m[K [01;35m[Kwarning: [m[Kformat ‘[01m[K%f[m[K’ expects argument of type ‘[01m[Kdouble[m[K’, but argument 6 has type ‘[01m[Kint[m[K’ [[01;35m[K]8;;https://gcc.gnu.org/onlinedocs/gcc/Warning-Options.html#index-Wformat=-Wformat=]8;;[m[K]
[11.034s]    56 |     RCLCPP_INFO(get_logger(), [01;35m[K"Debug:\n"[m[K
[11.035s]       |                               [01;35m[K^~~~~~~~~~[m[K
[11.037s]    57 | [01;35m[K    "Heading:          %4.1f degrees\n"[m[K
[11.037s]       |     [01;35m[K~~~~~~~~~~~~~~~~~~~~~~~~~~~~~~~~~~~[m[K
[11.038s]    58 | [01;35m[K    "Position:         %4.1f\n"[m[K
[11.039s]       |     [01;35m[K~~~~~~~~~~~~~~~~~~~~~~~~~~~[m[K
[11.039s]    59 | [01;35m[K    "Angular Velocity: %4.1f\n"[m[K, headingMsg.data, [32m[K1[m[K, 1);
[11.040s]       |     [01;35m[K~~~~~~~~~~~~~~~~~~~~~~~~~~~[m[K                   [32m[K~[m[K
[11.040s]       |                                                   [32m[K|[m[K
[11.041s]       |                                                   [32m[Kint[m[K
[11.041s] [01m[K/home/mrstalford/ros2_ws/src/pavbot_imu/src/pavbot_imu.cpp:58:28:[m[K [01;36m[Knote: [m[Kformat string is defined here
[11.042s]    58 |     "Position:         [01;36m[K%4.1f[m[K\n"
[11.042s]       |                        [01;36m[K~~~~^[m[K
[11.043s]       |                            [01;36m[K|[m[K
[11.044s]       |                            [01;36m[Kdouble[m[K
[11.045s]       |                        [32m[K%4.1d[m[K
[11.045s] In file included from [01m[K/opt/ros/humble/include/rclcpp/rclcpp/logging.hpp:24[m[K,
[11.045s]                  from [01m[K/opt/ros/humble/include/rclcpp/rclcpp/client.hpp:40[m[K,
[11.046s]                  from [01m[K/opt/ros/humble/include/rclcpp/rclcpp/callback_group.hpp:24[m[K,
[11.046s]                  from [01m[K/opt/ros/humble/include/rclcpp/rclcpp/any_executable.hpp:20[m[K,
[11.047s]                  from [01m[K/opt/ros/humble/include/rclcpp/rclcpp/memory_strategy.hpp:25[m[K,
[11.047s]                  from [01m[K/opt/ros/humble/include/rclcpp/rclcpp/memory_strategies.hpp:18[m[K,
[11.048s]                  from [01m[K/opt/ros/humble/include/rclcpp/rclcpp/executor_options.hpp:20[m[K,
[11.048s]                  from [01m[K/opt/ros/humble/include/rclcpp/rclcpp/executor.hpp:37[m[K,
[11.049s]                  from [01m[K/opt/ros/humble/include/rclcpp/rclcpp/executors/multi_threaded_executor.hpp:25[m[K,
[11.049s]                  from [01m[K/opt/ros/humble/include/rclcpp/rclcpp/executors.hpp:21[m[K,
[11.050s]                  from [01m[K/opt/ros/humble/include/rclcpp/rclcpp/rclcpp.hpp:155[m[K,
[11.050s]                  from [01m[K/home/mrstalford/ros2_ws/src/pavbot_imu/src/pavbot_imu.cpp:21[m[K:
[11.051s] [01m[K/home/mrstalford/ros2_ws/src/pavbot_imu/src/pavbot_imu.cpp:56:31:[m[K [01;35m[Kwarning: [m[Kformat ‘[01m[K%f[m[K’ expects argument of type ‘[01m[Kdouble[m[K’, but argument 7 has type ‘[01m[Kint[m[K’ [[01;35m[K]8;;https://gcc.gnu.org/onlinedocs/gcc/Warning-Options.html#index-Wformat=-Wformat=]8;;[m[K]
[11.051s]    56 |     RCLCPP_INFO(get_logger(), [01;35m[K"Debug:\n"[m[K
[11.051s]       |                               [01;35m[K^~~~~~~~~~[m[K
[11.052s]    57 | [01;35m[K    "Heading:          %4.1f degrees\n"[m[K
[11.052s]       |     [01;35m[K~~~~~~~~~~~~~~~~~~~~~~~~~~~~~~~~~~~[m[K
[11.053s]    58 | [01;35m[K    "Position:         %4.1f\n"[m[K
[11.053s]       |     [01;35m[K~~~~~~~~~~~~~~~~~~~~~~~~~~~[m[K
[11.054s]    59 | [01;35m[K    "Angular Velocity: %4.1f\n"[m[K, headingMsg.data, 1, [32m[K1[m[K);
[11.054s]       |     [01;35m[K~~~~~~~~~~~~~~~~~~~~~~~~~~~[m[K                      [32m[K~[m[K
[11.055s]       |                                                      [32m[K|[m[K
[11.055s]       |                                                      [32m[Kint[m[K
[11.055s] [01m[K/home/mrstalford/ros2_ws/src/pavbot_imu/src/pavbot_imu.cpp:59:28:[m[K [01;36m[Knote: [m[Kformat string is defined here
[11.056s]    59 |     "Angular Velocity: [01;36m[K%4.1f[m[K\n", headingMsg.data, 1, 1);
[11.056s]       |                        [01;36m[K~~~~^[m[K
[11.057s]       |                            [01;36m[K|[m[K
[11.057s]       |                            [01;36m[Kdouble[m[K
[11.057s]       |                        [32m[K%4.1d[m[K
[19.453s] [100%] [32m[1mLinking CXX executable pavbot_imu[0m
[20.411s] [100%] Built target pavbot_imu
[20.453s] Invoked command in '/home/mrstalford/ros2_ws/src/pavbot_imu/build/pavbot_imu' returned '0': CMAKE_PREFIX_PATH=${CMAKE_PREFIX_PATH}:/opt/ros/humble /usr/bin/cmake --build /home/mrstalford/ros2_ws/src/pavbot_imu/build/pavbot_imu -- -j4 -l4
[20.498s] Invoking command in '/home/mrstalford/ros2_ws/src/pavbot_imu/build/pavbot_imu': CMAKE_PREFIX_PATH=${CMAKE_PREFIX_PATH}:/opt/ros/humble /usr/bin/cmake --install /home/mrstalford/ros2_ws/src/pavbot_imu/build/pavbot_imu
[20.530s] -- Install configuration: ""
[20.531s] -- Installing: /home/mrstalford/ros2_ws/src/pavbot_imu/install/pavbot_imu/lib/pavbot_imu/pavbot_imu
[20.544s] -- Set runtime path of "/home/mrstalford/ros2_ws/src/pavbot_imu/install/pavbot_imu/lib/pavbot_imu/pavbot_imu" to ""
[20.545s] -- Up-to-date: /home/mrstalford/ros2_ws/src/pavbot_imu/install/pavbot_imu/share/pavbot_imu/launch
[20.545s] -- Up-to-date: /home/mrstalford/ros2_ws/src/pavbot_imu/install/pavbot_imu/share/pavbot_imu/launch/imu.launch.py
[20.545s] -- Up-to-date: /home/mrstalford/ros2_ws/src/pavbot_imu/install/pavbot_imu/share/ament_index/resource_index/package_run_dependencies/pavbot_imu
[20.546s] -- Up-to-date: /home/mrstalford/ros2_ws/src/pavbot_imu/install/pavbot_imu/share/ament_index/resource_index/parent_prefix_path/pavbot_imu
[20.546s] -- Up-to-date: /home/mrstalford/ros2_ws/src/pavbot_imu/install/pavbot_imu/share/pavbot_imu/environment/ament_prefix_path.sh
[20.547s] -- Up-to-date: /home/mrstalford/ros2_ws/src/pavbot_imu/install/pavbot_imu/share/pavbot_imu/environment/ament_prefix_path.dsv
[20.547s] -- Up-to-date: /home/mrstalford/ros2_ws/src/pavbot_imu/install/pavbot_imu/share/pavbot_imu/environment/path.sh
[20.548s] -- Up-to-date: /home/mrstalford/ros2_ws/src/pavbot_imu/install/pavbot_imu/share/pavbot_imu/environment/path.dsv
[20.548s] -- Up-to-date: /home/mrstalford/ros2_ws/src/pavbot_imu/install/pavbot_imu/share/pavbot_imu/local_setup.bash
[20.549s] -- Up-to-date: /home/mrstalford/ros2_ws/src/pavbot_imu/install/pavbot_imu/share/pavbot_imu/local_setup.sh
[20.549s] -- Up-to-date: /home/mrstalford/ros2_ws/src/pavbot_imu/install/pavbot_imu/share/pavbot_imu/local_setup.zsh
[20.550s] -- Up-to-date: /home/mrstalford/ros2_ws/src/pavbot_imu/install/pavbot_imu/share/pavbot_imu/local_setup.dsv
[20.550s] -- Installing: /home/mrstalford/ros2_ws/src/pavbot_imu/install/pavbot_imu/share/pavbot_imu/package.dsv
[20.551s] -- Up-to-date: /home/mrstalford/ros2_ws/src/pavbot_imu/install/pavbot_imu/share/ament_index/resource_index/packages/pavbot_imu
[20.551s] -- Up-to-date: /home/mrstalford/ros2_ws/src/pavbot_imu/install/pavbot_imu/share/pavbot_imu/cmake/pavbot_imuConfig.cmake
[20.552s] -- Up-to-date: /home/mrstalford/ros2_ws/src/pavbot_imu/install/pavbot_imu/share/pavbot_imu/cmake/pavbot_imuConfig-version.cmake
[20.552s] -- Up-to-date: /home/mrstalford/ros2_ws/src/pavbot_imu/install/pavbot_imu/share/pavbot_imu/package.xml
[20.559s] Invoked command in '/home/mrstalford/ros2_ws/src/pavbot_imu/build/pavbot_imu' returned '0': CMAKE_PREFIX_PATH=${CMAKE_PREFIX_PATH}:/opt/ros/humble /usr/bin/cmake --install /home/mrstalford/ros2_ws/src/pavbot_imu/build/pavbot_imu
