[0.072s] Invoking command in '/home/mrstalford/ros2_ws/src/pavbot_imu/build/pavbot_imu': CMAKE_PREFIX_PATH=${CMAKE_PREFIX_PATH}:/opt/ros/humble /usr/bin/cmake --build /home/mrstalford/ros2_ws/src/pavbot_imu/build/pavbot_imu -- -j4 -l4
[0.287s] [35m[1mConsolidate compiler generated dependencies of target pavbot_imu[0m
[0.389s] [ 50%] [32mBuilding CXX object CMakeFiles/pavbot_imu.dir/src/pavbot_imu.cpp.o[0m
[10.754s] In file included from [01m[K/home/mrstalford/ros2_ws/src/pavbot_imu/src/imu.h:13[m[K,
[10.755s]                  from [01m[K/home/mrstalford/ros2_ws/src/pavbot_imu/src/pavbot_imu.cpp:16[m[K:
[10.755s] [01m[K/home/mrstalford/ros2_ws/src/pavbot_imu/src/imu_packet_builder.h:46:2:[m[K [01;31m[Kerror: [m[Kexpected ‘[01m[K;[m[K’ after class definition
[10.756s]    46 | }
[10.756s]       |  [01;31m[K^[m[K
[10.757s]       |  [32m[K;[m[K
[10.765s] [01m[K/home/mrstalford/ros2_ws/src/pavbot_imu/src/imu_packet_builder.h:[m[K In member function ‘[01m[Kstd::vector<unsigned char, std::allocator<unsigned char> > ImuPacketBuilder::build(ImuCommand, std::vector<unsigned int>)[m[K’:
[10.766s] [01m[K/home/mrstalford/ros2_ws/src/pavbot_imu/src/imu_packet_builder.h:24:25:[m[K [01;31m[Kerror: [m[Kno matching function for call to ‘[01m[Kstd::vector<unsigned int>::push_back(ImuCommand)[m[K’
[10.766s]    24 |         [01;31m[Kpacket.push_back(ImuCommand::StartByte)[m[K;
[10.766s]       |         [01;31m[K~~~~~~~~~~~~~~~~^~~~~~~~~~~~~~~~~~~~~~~[m[K
[10.767s] In file included from [01m[K/usr/include/c++/11/vector:67[m[K,
[10.767s]                  from [01m[K/usr/include/c++/11/functional:62[m[K,
[10.768s]                  from [01m[K/usr/include/c++/11/pstl/glue_algorithm_defs.h:13[m[K,
[10.769s]                  from [01m[K/usr/include/c++/11/algorithm:74[m[K,
[10.770s]                  from [01m[K/opt/ros/humble/include/rclcpp/rclcpp/executor.hpp:18[m[K,
[10.770s]                  from [01m[K/opt/ros/humble/include/rclcpp/rclcpp/executors/multi_threaded_executor.hpp:25[m[K,
[10.770s]                  from [01m[K/opt/ros/humble/include/rclcpp/rclcpp/executors.hpp:21[m[K,
[10.771s]                  from [01m[K/opt/ros/humble/include/rclcpp/rclcpp/rclcpp.hpp:155[m[K,
[10.771s]                  from [01m[K/home/mrstalford/ros2_ws/src/pavbot_imu/src/pavbot_imu.cpp:11[m[K:
[10.772s] [01m[K/usr/include/c++/11/bits/stl_vector.h:1187:7:[m[K [01;36m[Knote: [m[Kcandidate: ‘[01m[Kvoid std::vector<_Tp, _Alloc>::push_back(const value_type&) [with _Tp = unsigned int; _Alloc = std::allocator<unsigned int>; std::vector<_Tp, _Alloc>::value_type = unsigned int][m[K’
[10.772s]  1187 |       [01;36m[Kpush_back[m[K(const value_type& __x)
[10.773s]       |       [01;36m[K^~~~~~~~~[m[K
[10.773s] [01m[K/usr/include/c++/11/bits/stl_vector.h:1187:35:[m[K [01;36m[Knote: [m[K  no known conversion for argument 1 from ‘[01m[KImuCommand[m[K’ to ‘[01m[Kconst value_type&[m[K’ {aka ‘[01m[Kconst unsigned int&[m[K’}
[10.773s]  1187 |       push_back([01;36m[Kconst value_type& __x[m[K)
[10.774s]       |                 [01;36m[K~~~~~~~~~~~~~~~~~~^~~[m[K
[10.774s] [01m[K/usr/include/c++/11/bits/stl_vector.h:1203:7:[m[K [01;36m[Knote: [m[Kcandidate: ‘[01m[Kvoid std::vector<_Tp, _Alloc>::push_back(std::vector<_Tp, _Alloc>::value_type&&) [with _Tp = unsigned int; _Alloc = std::allocator<unsigned int>; std::vector<_Tp, _Alloc>::value_type = unsigned int][m[K’
[10.775s]  1203 |       [01;36m[Kpush_back[m[K(value_type&& __x)
[10.775s]       |       [01;36m[K^~~~~~~~~[m[K
[10.776s] [01m[K/usr/include/c++/11/bits/stl_vector.h:1203:30:[m[K [01;36m[Knote: [m[K  no known conversion for argument 1 from ‘[01m[KImuCommand[m[K’ to ‘[01m[Kstd::vector<unsigned int>::value_type&&[m[K’ {aka ‘[01m[Kunsigned int&&[m[K’}
[10.776s]  1203 |       push_back([01;36m[Kvalue_type&& __x[m[K)
[10.777s]       |                 [01;36m[K~~~~~~~~~~~~~^~~[m[K
[10.777s] In file included from [01m[K/home/mrstalford/ros2_ws/src/pavbot_imu/src/imu.h:13[m[K,
[10.778s]                  from [01m[K/home/mrstalford/ros2_ws/src/pavbot_imu/src/pavbot_imu.cpp:16[m[K:
[10.779s] [01m[K/home/mrstalford/ros2_ws/src/pavbot_imu/src/imu_packet_builder.h:30:35:[m[K [01;31m[Kerror: [m[Kcannot convert ‘[01m[Kvector<[01;32m[Kunsigned int[m[K,allocator<[01;32m[Kunsigned int[m[K>>[m[K’ to ‘[01m[Kvector<[01;32m[Kunsigned char[m[K,allocator<[01;32m[Kunsigned char[m[K>>[m[K’
[10.779s]    30 |         packet.push_back(checksum([01;31m[Kpacket[m[K));
[10.780s]       |                                   [01;31m[K^~~~~~[m[K
[10.780s]       |                                   [01;31m[K|[m[K
[10.781s]       |                                   [01;31m[Kvector<unsigned int,allocator<unsigned int>>[m[K
[10.781s] [01m[K/home/mrstalford/ros2_ws/src/pavbot_imu/src/imu_packet_builder.h:36:43:[m[K [01;36m[Knote: [m[K  initializing argument 1 of ‘[01m[Kuint8_t ImuPacketBuilder::checksum(std::vector<unsigned char, std::allocator<unsigned char> >)[m[K’
[10.781s]    36 | nt8_t checksum([01;36m[Kstd::vector<uint8_t> packet[m[K) {
[10.782s]       |                [01;36m[K~~~~~~~~~~~~~~~~~~~~~^~~~~~[m[K
[10.782s] 
[10.783s] [01m[K/home/mrstalford/ros2_ws/src/pavbot_imu/src/imu_packet_builder.h:32:16:[m[K [01;31m[Kerror: [m[Kcould not convert ‘[01m[Kpacket[m[K’ from ‘[01m[Kvector<[01;32m[Kunsigned int[m[K,allocator<[01;32m[Kunsigned int[m[K>>[m[K’ to ‘[01m[Kvector<[01;32m[Kunsigned char[m[K,allocator<[01;32m[Kunsigned char[m[K>>[m[K’
[10.783s]    32 |         return [01;31m[Kpacket[m[K;
[10.784s]       |                [01;31m[K^~~~~~[m[K
[10.784s]       |                [01;31m[K|[m[K
[10.784s]       |                [01;31m[Kvector<unsigned int,allocator<unsigned int>>[m[K
[10.785s] [01m[K/home/mrstalford/ros2_ws/src/pavbot_imu/src/imu_packet_builder.h:[m[K At global scope:
[10.785s] [01m[K/home/mrstalford/ros2_ws/src/pavbot_imu/src/imu_packet_builder.h:6:1:[m[K [01;31m[Kerror: [m[Kmultiple types in one declaration
[10.786s]     6 | [01;31m[Kenum[m[K class ImuCommand : uint8_t {
[10.786s]       | [01;31m[K^~~~[m[K
[10.786s] In file included from [01m[K/home/mrstalford/ros2_ws/src/pavbot_imu/src/pavbot_imu.cpp:16[m[K:
[10.787s] [01m[K/home/mrstalford/ros2_ws/src/pavbot_imu/src/imu.h:[m[K In member function ‘[01m[Kvoid IMU::enableCompass()[m[K’:
[10.787s] [01m[K/home/mrstalford/ros2_ws/src/pavbot_imu/src/imu.h:74:77:[m[K [01;31m[Kerror: [m[Kcannot convert ‘[01m[Kvector<[01;32m[Kunsigned char[m[K,allocator<[01;32m[Kunsigned char[m[K>>[m[K’ to ‘[01m[Kvector<[01;32m[Kunsigned int[m[K,allocator<[01;32m[Kunsigned int[m[K>>[m[K’
[10.788s]    74 | ild(ImuCommand::SetCompassEnabled, [01;31m[Kpayload[m[K));
[10.788s]       |                                    [01;31m[K^~~~~~~[m[K
[10.788s]       |                                    [01;31m[K|[m[K
[10.789s]       |                                    [01;31m[Kvector<unsigned char,allocator<unsigned char>>[m[K
[10.790s] 
[10.790s] In file included from [01m[K/home/mrstalford/ros2_ws/src/pavbot_imu/src/imu.h:13[m[K,
[10.791s]                  from [01m[K/home/mrstalford/ros2_ws/src/pavbot_imu/src/pavbot_imu.cpp:16[m[K:
[10.791s] [01m[K/home/mrstalford/ros2_ws/src/pavbot_imu/src/imu_packet_builder.h:21:68:[m[K [01;36m[Knote: [m[K  initializing argument 2 of ‘[01m[Kstd::vector<unsigned char, std::allocator<unsigned char> > ImuPacketBuilder::build(ImuCommand, std::vector<unsigned int>)[m[K’
[10.792s]    21 | uCommand c, [01;36m[Kstd::vector<uint32_t> payload = {}[m[K) {
[10.792s]       |             [01;36m[K~~~~~~~~~~~~~~~~~~~~~~^~~~~~~~~~~~[m[K
[10.792s] 
[10.793s] In file included from [01m[K/home/mrstalford/ros2_ws/src/pavbot_imu/src/pavbot_imu.cpp:16[m[K:
[10.793s] [01m[K/home/mrstalford/ros2_ws/src/pavbot_imu/src/imu.h:[m[K In member function ‘[01m[Kvoid IMU::requestHeading()[m[K’:
[10.794s] [01m[K/home/mrstalford/ros2_ws/src/pavbot_imu/src/imu.h:78:45:[m[K [01;31m[Kerror: [m[Kcannot call member function ‘[01m[Kstd::vector<unsigned char, std::allocator<unsigned char> > ImuPacketBuilder::build(ImuCommand, std::vector<unsigned int>)[m[K’ without object
[10.794s]    78 | iteCommand([01;31m[KImuPacketBuilder::build(ImuCommand::GetEulerAngles)[m[K);
[10.795s]       |            [01;31m[K~~~~~~~~~~~~~~~~~~~~~~~^~~~~~~~~~~~~~~~~~~~~~~~~~~~[m[K
[10.795s] 
[13.990s] gmake[2]: *** [CMakeFiles/pavbot_imu.dir/build.make:76: CMakeFiles/pavbot_imu.dir/src/pavbot_imu.cpp.o] Error 1
[13.991s] gmake[1]: *** [CMakeFiles/Makefile2:137: CMakeFiles/pavbot_imu.dir/all] Error 2
[13.992s] gmake: *** [Makefile:146: all] Error 2
[14.000s] Invoked command in '/home/mrstalford/ros2_ws/src/pavbot_imu/build/pavbot_imu' returned '2': CMAKE_PREFIX_PATH=${CMAKE_PREFIX_PATH}:/opt/ros/humble /usr/bin/cmake --build /home/mrstalford/ros2_ws/src/pavbot_imu/build/pavbot_imu -- -j4 -l4
