[35m[1mConsolidate compiler generated dependencies of target pavbot_imu[0m
[ 50%] [32mBuilding CXX object CMakeFiles/pavbot_imu.dir/src/pavbot_imu.cpp.o[0m
[100%] [32m[1mLinking CXX executable pavbot_imu[0m
[100%] Built target pavbot_imu
-- Install configuration: ""
-- Installing: /home/mrstalford/ros2_ws/src/pavbot_imu/install/pavbot_imu/lib/pavbot_imu/pavbot_imu
-- Set runtime path of "/home/mrstalford/ros2_ws/src/pavbot_imu/install/pavbot_imu/lib/pavbot_imu/pavbot_imu" to ""
-- Installing: /home/mrstalford/ros2_ws/src/pavbot_imu/install/pavbot_imu/share/pavbot_imu/launch
-- Installing: /home/mrstalford/ros2_ws/src/pavbot_imu/install/pavbot_imu/share/pavbot_imu/launch/imu.launch.py
-- Installing: /home/mrstalford/ros2_ws/src/pavbot_imu/install/pavbot_imu/share/ament_index/resource_index/package_run_dependencies/pavbot_imu
-- Installing: /home/mrstalford/ros2_ws/src/pavbot_imu/install/pavbot_imu/share/ament_index/resource_index/parent_prefix_path/pavbot_imu
-- Installing: /home/mrstalford/ros2_ws/src/pavbot_imu/install/pavbot_imu/share/pavbot_imu/environment/ament_prefix_path.sh
-- Installing: /home/mrstalford/ros2_ws/src/pavbot_imu/install/pavbot_imu/share/pavbot_imu/environment/ament_prefix_path.dsv
-- Installing: /home/mrstalford/ros2_ws/src/pavbot_imu/install/pavbot_imu/share/pavbot_imu/environment/path.sh
-- Installing: /home/mrstalford/ros2_ws/src/pavbot_imu/install/pavbot_imu/share/pavbot_imu/environment/path.dsv
-- Installing: /home/mrstalford/ros2_ws/src/pavbot_imu/install/pavbot_imu/share/pavbot_imu/local_setup.bash
-- Installing: /home/mrstalford/ros2_ws/src/pavbot_imu/install/pavbot_imu/share/pavbot_imu/local_setup.sh
-- Installing: /home/mrstalford/ros2_ws/src/pavbot_imu/install/pavbot_imu/share/pavbot_imu/local_setup.zsh
-- Installing: /home/mrstalford/ros2_ws/src/pavbot_imu/install/pavbot_imu/share/pavbot_imu/local_setup.dsv
-- Installing: /home/mrstalford/ros2_ws/src/pavbot_imu/install/pavbot_imu/share/pavbot_imu/package.dsv
-- Installing: /home/mrstalford/ros2_ws/src/pavbot_imu/install/pavbot_imu/share/ament_index/resource_index/packages/pavbot_imu
-- Installing: /home/mrstalford/ros2_ws/src/pavbot_imu/install/pavbot_imu/share/pavbot_imu/cmake/pavbot_imuConfig.cmake
-- Installing: /home/mrstalford/ros2_ws/src/pavbot_imu/install/pavbot_imu/share/pavbot_imu/cmake/pavbot_imuConfig-version.cmake
-- Installing: /home/mrstalford/ros2_ws/src/pavbot_imu/install/pavbot_imu/share/pavbot_imu/package.xml
