[35m[1mConsolidate compiler generated dependencies of target pavbot_imu[0m
[ 50%] [32mBuilding CXX object CMakeFiles/pavbot_imu.dir/src/pavbot_imu.cpp.o[0m
In file included from [01m[K/opt/ros/humble/include/rclcpp/rclcpp/logging.hpp:24[m[K,
                 from [01m[K/opt/ros/humble/include/rclcpp/rclcpp/client.hpp:40[m[K,
                 from [01m[K/opt/ros/humble/include/rclcpp/rclcpp/callback_group.hpp:24[m[K,
                 from [01m[K/opt/ros/humble/include/rclcpp/rclcpp/any_executable.hpp:20[m[K,
                 from [01m[K/opt/ros/humble/include/rclcpp/rclcpp/memory_strategy.hpp:25[m[K,
                 from [01m[K/opt/ros/humble/include/rclcpp/rclcpp/memory_strategies.hpp:18[m[K,
                 from [01m[K/opt/ros/humble/include/rclcpp/rclcpp/executor_options.hpp:20[m[K,
                 from [01m[K/opt/ros/humble/include/rclcpp/rclcpp/executor.hpp:37[m[K,
                 from [01m[K/opt/ros/humble/include/rclcpp/rclcpp/executors/multi_threaded_executor.hpp:25[m[K,
                 from [01m[K/opt/ros/humble/include/rclcpp/rclcpp/executors.hpp:21[m[K,
                 from [01m[K/opt/ros/humble/include/rclcpp/rclcpp/rclcpp.hpp:155[m[K,
                 from [01m[K/home/mrstalford/ros2_ws/src/pavbot_imu/src/pavbot_imu.cpp:11[m[K:
[01m[K/home/mrstalford/ros2_ws/src/pavbot_imu/src/pavbot_imu.cpp:[m[K In member function ‘[01m[Kvoid PavbotIMU::update()[m[K’:
[01m[K/home/mrstalford/ros2_ws/src/pavbot_imu/src/pavbot_imu.cpp:45:31:[m[K [01;35m[Kwarning: [m[Kformat ‘[01m[K%s[m[K’ expects argument of type ‘[01m[Kchar*[m[K’, but argument 5 has type ‘[01m[Kstd::optional<std::__cxx11::basic_string<char> >[m[K’ [[01;35m[K]8;;https://gcc.gnu.org/onlinedocs/gcc/Warning-Options.html#index-Wformat=-Wformat=]8;;[m[K]
   45 |     RCLCPP_INFO(get_logger(), [01;35m[K"%s"[m[K, heading);
      |                               [01;35m[K^~~~[m[K
[01m[K/home/mrstalford/ros2_ws/src/pavbot_imu/src/pavbot_imu.cpp:45:33:[m[K [01;36m[Knote: [m[Kformat string is defined here
   45 |     RCLCPP_INFO(get_logger(), "[01;36m[K%s[m[K", heading);
      |                                [01;36m[K~^[m[K
      |                                 [01;36m[K|[m[K
      |                                 [01;36m[Kchar*[m[K
[100%] [32m[1mLinking CXX executable pavbot_imu[0m
[100%] Built target pavbot_imu
-- Install configuration: ""
-- Installing: /home/mrstalford/ros2_ws/src/pavbot_imu/install/pavbot_imu/lib/pavbot_imu/pavbot_imu
-- Set runtime path of "/home/mrstalford/ros2_ws/src/pavbot_imu/install/pavbot_imu/lib/pavbot_imu/pavbot_imu" to ""
-- Up-to-date: /home/mrstalford/ros2_ws/src/pavbot_imu/install/pavbot_imu/share/pavbot_imu/launch
-- Up-to-date: /home/mrstalford/ros2_ws/src/pavbot_imu/install/pavbot_imu/share/pavbot_imu/launch/imu.launch.py
-- Up-to-date: /home/mrstalford/ros2_ws/src/pavbot_imu/install/pavbot_imu/share/ament_index/resource_index/package_run_dependencies/pavbot_imu
-- Up-to-date: /home/mrstalford/ros2_ws/src/pavbot_imu/install/pavbot_imu/share/ament_index/resource_index/parent_prefix_path/pavbot_imu
-- Up-to-date: /home/mrstalford/ros2_ws/src/pavbot_imu/install/pavbot_imu/share/pavbot_imu/environment/ament_prefix_path.sh
-- Up-to-date: /home/mrstalford/ros2_ws/src/pavbot_imu/install/pavbot_imu/share/pavbot_imu/environment/ament_prefix_path.dsv
-- Up-to-date: /home/mrstalford/ros2_ws/src/pavbot_imu/install/pavbot_imu/share/pavbot_imu/environment/path.sh
-- Up-to-date: /home/mrstalford/ros2_ws/src/pavbot_imu/install/pavbot_imu/share/pavbot_imu/environment/path.dsv
-- Up-to-date: /home/mrstalford/ros2_ws/src/pavbot_imu/install/pavbot_imu/share/pavbot_imu/local_setup.bash
-- Up-to-date: /home/mrstalford/ros2_ws/src/pavbot_imu/install/pavbot_imu/share/pavbot_imu/local_setup.sh
-- Up-to-date: /home/mrstalford/ros2_ws/src/pavbot_imu/install/pavbot_imu/share/pavbot_imu/local_setup.zsh
-- Up-to-date: /home/mrstalford/ros2_ws/src/pavbot_imu/install/pavbot_imu/share/pavbot_imu/local_setup.dsv
-- Installing: /home/mrstalford/ros2_ws/src/pavbot_imu/install/pavbot_imu/share/pavbot_imu/package.dsv
-- Up-to-date: /home/mrstalford/ros2_ws/src/pavbot_imu/install/pavbot_imu/share/ament_index/resource_index/packages/pavbot_imu
-- Up-to-date: /home/mrstalford/ros2_ws/src/pavbot_imu/install/pavbot_imu/share/pavbot_imu/cmake/pavbot_imuConfig.cmake
-- Up-to-date: /home/mrstalford/ros2_ws/src/pavbot_imu/install/pavbot_imu/share/pavbot_imu/cmake/pavbot_imuConfig-version.cmake
-- Up-to-date: /home/mrstalford/ros2_ws/src/pavbot_imu/install/pavbot_imu/share/pavbot_imu/package.xml
