[0.468s] DEBUG:colcon:Command line arguments: ['/usr/bin/colcon', 'build']
[0.468s] DEBUG:colcon:Parsed command line arguments: Namespace(log_base=None, log_level=None, verb_name='build', build_base='build', install_base='install', merge_install=False, symlink_install=False, test_result_base=None, continue_on_error=False, executor='parallel', parallel_workers=4, event_handlers=None, ignore_user_meta=False, metas=['./colcon.meta'], base_paths=['.'], packages_ignore=None, packages_ignore_regex=None, paths=None, packages_up_to=None, packages_up_to_regex=None, packages_above=None, packages_above_and_dependencies=None, packages_above_depth=None, packages_select_by_dep=None, packages_skip_by_dep=None, packages_skip_up_to=None, packages_select_build_failed=False, packages_skip_build_finished=False, packages_select_test_failures=False, packages_skip_test_passed=False, packages_select=None, packages_skip=None, packages_select_regex=None, packages_skip_regex=None, packages_start=None, packages_end=None, allow_overriding=[], cmake_args=None, cmake_target=None, cmake_target_skip_unavailable=False, cmake_clean_cache=False, cmake_clean_first=False, cmake_force_configure=False, ament_cmake_args=None, catkin_cmake_args=None, catkin_skip_building_tests=False, mixin_files=None, mixin=None, verb_parser=<colcon_mixin.mixin.mixin_argument.MixinArgumentDecorator object at 0xffffa40b1180>, verb_extension=<colcon_core.verb.build.BuildVerb object at 0xffffa425a0e0>, main=<bound method BuildVerb.main of <colcon_core.verb.build.BuildVerb object at 0xffffa425a0e0>>, mixin_verb=('build',))
[1.417s] Level 1:colcon.colcon_core.package_discovery:discover_packages(colcon_meta) check parameters
[1.417s] Level 1:colcon.colcon_core.package_discovery:discover_packages(recursive) check parameters
[1.423s] Level 1:colcon.colcon_core.package_discovery:discover_packages(ignore) check parameters
[1.423s] Level 1:colcon.colcon_core.package_discovery:discover_packages(path) check parameters
[1.423s] Level 1:colcon.colcon_core.package_discovery:discover_packages(colcon_meta) discover
[1.423s] Level 1:colcon.colcon_core.package_discovery:discover_packages(recursive) discover
[1.424s] INFO:colcon.colcon_core.package_discovery:Crawling recursively for packages in '/home/mrstalford/ros2_ws/src/pavbot_imu'
[1.424s] Level 1:colcon.colcon_core.package_identification:_identify(.) by extensions ['ignore', 'ignore_ament_install']
[1.425s] Level 1:colcon.colcon_core.package_identification:_identify(.) by extension 'ignore'
[1.425s] Level 1:colcon.colcon_core.package_identification:_identify(.) by extension 'ignore_ament_install'
[1.426s] Level 1:colcon.colcon_core.package_identification:_identify(.) by extensions ['colcon_pkg']
[1.426s] Level 1:colcon.colcon_core.package_identification:_identify(.) by extension 'colcon_pkg'
[1.426s] Level 1:colcon.colcon_core.package_identification:_identify(.) by extensions ['colcon_meta']
[1.426s] Level 1:colcon.colcon_core.package_identification:_identify(.) by extension 'colcon_meta'
[1.426s] Level 1:colcon.colcon_core.package_identification:_identify(.) by extensions ['ros']
[1.427s] Level 1:colcon.colcon_core.package_identification:_identify(.) by extension 'ros'
[1.483s] DEBUG:colcon.colcon_core.package_identification:Package '.' with type 'ros.ament_cmake' and name 'pavbot_imu'
[1.483s] Level 1:colcon.colcon_core.package_discovery:discover_packages(recursive) using defaults
[1.483s] Level 1:colcon.colcon_core.package_discovery:discover_packages(ignore) discover
[1.483s] Level 1:colcon.colcon_core.package_discovery:discover_packages(ignore) using defaults
[1.483s] Level 1:colcon.colcon_core.package_discovery:discover_packages(path) discover
[1.484s] Level 1:colcon.colcon_core.package_discovery:discover_packages(path) using defaults
[1.609s] Level 1:colcon.colcon_core.package_discovery:discover_packages(prefix_path) check parameters
[1.610s] Level 1:colcon.colcon_core.package_discovery:discover_packages(prefix_path) discover
[1.621s] DEBUG:colcon.colcon_installed_package_information.package_discovery:Found 1 installed packages in /home/mrstalford/ros2_ws/src/pavbot_imu/install
[1.623s] DEBUG:colcon.colcon_installed_package_information.package_discovery:Found 3 installed packages in /home/mrstalford/ros2_ws/install
[1.633s] DEBUG:colcon.colcon_installed_package_information.package_discovery:Found 272 installed packages in /opt/ros/humble
[1.640s] Level 1:colcon.colcon_core.package_discovery:discover_packages(prefix_path) using defaults
[1.808s] Level 5:colcon.colcon_core.verb:set package 'pavbot_imu' build argument 'cmake_args' from command line to 'None'
[1.809s] Level 5:colcon.colcon_core.verb:set package 'pavbot_imu' build argument 'cmake_target' from command line to 'None'
[1.809s] Level 5:colcon.colcon_core.verb:set package 'pavbot_imu' build argument 'cmake_target_skip_unavailable' from command line to 'False'
[1.809s] Level 5:colcon.colcon_core.verb:set package 'pavbot_imu' build argument 'cmake_clean_cache' from command line to 'False'
[1.809s] Level 5:colcon.colcon_core.verb:set package 'pavbot_imu' build argument 'cmake_clean_first' from command line to 'False'
[1.809s] Level 5:colcon.colcon_core.verb:set package 'pavbot_imu' build argument 'cmake_force_configure' from command line to 'False'
[1.809s] Level 5:colcon.colcon_core.verb:set package 'pavbot_imu' build argument 'ament_cmake_args' from command line to 'None'
[1.809s] Level 5:colcon.colcon_core.verb:set package 'pavbot_imu' build argument 'catkin_cmake_args' from command line to 'None'
[1.810s] Level 5:colcon.colcon_core.verb:set package 'pavbot_imu' build argument 'catkin_skip_building_tests' from command line to 'False'
[1.810s] DEBUG:colcon.colcon_core.verb:Building package 'pavbot_imu' with the following arguments: {'ament_cmake_args': None, 'build_base': '/home/mrstalford/ros2_ws/src/pavbot_imu/build/pavbot_imu', 'catkin_cmake_args': None, 'catkin_skip_building_tests': False, 'cmake_args': None, 'cmake_clean_cache': False, 'cmake_clean_first': False, 'cmake_force_configure': False, 'cmake_target': None, 'cmake_target_skip_unavailable': False, 'install_base': '/home/mrstalford/ros2_ws/src/pavbot_imu/install/pavbot_imu', 'merge_install': False, 'path': '/home/mrstalford/ros2_ws/src/pavbot_imu', 'symlink_install': False, 'test_result_base': None}
[1.810s] INFO:colcon.colcon_core.executor:Executing jobs using 'parallel' executor
[1.814s] DEBUG:colcon.colcon_parallel_executor.executor.parallel:run_until_complete
[1.815s] INFO:colcon.colcon_ros.task.ament_cmake.build:Building ROS package in '/home/mrstalford/ros2_ws/src/pavbot_imu' with build type 'ament_cmake'
[1.816s] INFO:colcon.colcon_cmake.task.cmake.build:Building CMake package in '/home/mrstalford/ros2_ws/src/pavbot_imu'
[1.825s] INFO:colcon.colcon_core.plugin_system:Skipping extension 'colcon_core.shell.bat': Not used on non-Windows systems
[1.826s] INFO:colcon.colcon_core.shell:Skip shell extension 'powershell' for command environment: Not usable outside of PowerShell
[1.826s] DEBUG:colcon.colcon_core.shell:Skip shell extension 'dsv' for command environment
[1.889s] DEBUG:colcon.colcon_core.event_handler.log_command:Invoking command in '/home/mrstalford/ros2_ws/src/pavbot_imu/build/pavbot_imu': CMAKE_PREFIX_PATH=${CMAKE_PREFIX_PATH}:/opt/ros/humble /usr/bin/cmake --build /home/mrstalford/ros2_ws/src/pavbot_imu/build/pavbot_imu -- -j4 -l4
[2.222s] DEBUG:colcon.colcon_core.event_handler.log_command:Invoked command in '/home/mrstalford/ros2_ws/src/pavbot_imu/build/pavbot_imu' returned '0': CMAKE_PREFIX_PATH=${CMAKE_PREFIX_PATH}:/opt/ros/humble /usr/bin/cmake --build /home/mrstalford/ros2_ws/src/pavbot_imu/build/pavbot_imu -- -j4 -l4
[2.271s] DEBUG:colcon.colcon_core.event_handler.log_command:Invoking command in '/home/mrstalford/ros2_ws/src/pavbot_imu/build/pavbot_imu': CMAKE_PREFIX_PATH=${CMAKE_PREFIX_PATH}:/opt/ros/humble /usr/bin/cmake --install /home/mrstalford/ros2_ws/src/pavbot_imu/build/pavbot_imu
[2.315s] Level 1:colcon.colcon_core.environment:create_environment_scripts_only(pavbot_imu)
[2.317s] DEBUG:colcon.colcon_core.event_handler.log_command:Invoked command in '/home/mrstalford/ros2_ws/src/pavbot_imu/build/pavbot_imu' returned '0': CMAKE_PREFIX_PATH=${CMAKE_PREFIX_PATH}:/opt/ros/humble /usr/bin/cmake --install /home/mrstalford/ros2_ws/src/pavbot_imu/build/pavbot_imu
[2.327s] Level 1:colcon.colcon_core.environment:checking '/home/mrstalford/ros2_ws/src/pavbot_imu/install/pavbot_imu' for CMake module files
[2.331s] Level 1:colcon.colcon_core.environment:checking '/home/mrstalford/ros2_ws/src/pavbot_imu/install/pavbot_imu' for CMake config files
[2.333s] Level 1:colcon.colcon_core.shell:create_environment_hook('pavbot_imu', 'cmake_prefix_path')
[2.334s] INFO:colcon.colcon_core.shell:Creating environment hook '/home/mrstalford/ros2_ws/src/pavbot_imu/install/pavbot_imu/share/pavbot_imu/hook/cmake_prefix_path.ps1'
[2.337s] INFO:colcon.colcon_core.shell:Creating environment descriptor '/home/mrstalford/ros2_ws/src/pavbot_imu/install/pavbot_imu/share/pavbot_imu/hook/cmake_prefix_path.dsv'
[2.339s] INFO:colcon.colcon_core.shell:Creating environment hook '/home/mrstalford/ros2_ws/src/pavbot_imu/install/pavbot_imu/share/pavbot_imu/hook/cmake_prefix_path.sh'
[2.344s] Level 1:colcon.colcon_core.environment:checking '/home/mrstalford/ros2_ws/src/pavbot_imu/install/pavbot_imu/lib'
[2.345s] Level 1:colcon.colcon_core.environment:checking '/home/mrstalford/ros2_ws/src/pavbot_imu/install/pavbot_imu/bin'
[2.347s] Level 1:colcon.colcon_core.environment:checking '/home/mrstalford/ros2_ws/src/pavbot_imu/install/pavbot_imu/lib/pkgconfig/pavbot_imu.pc'
[2.348s] Level 1:colcon.colcon_core.environment:checking '/home/mrstalford/ros2_ws/src/pavbot_imu/install/pavbot_imu/lib/python3.10/site-packages'
[2.350s] Level 1:colcon.colcon_core.environment:checking '/home/mrstalford/ros2_ws/src/pavbot_imu/install/pavbot_imu/bin'
[2.351s] INFO:colcon.colcon_core.shell:Creating package script '/home/mrstalford/ros2_ws/src/pavbot_imu/install/pavbot_imu/share/pavbot_imu/package.ps1'
[2.356s] INFO:colcon.colcon_core.shell:Creating package descriptor '/home/mrstalford/ros2_ws/src/pavbot_imu/install/pavbot_imu/share/pavbot_imu/package.dsv'
[2.358s] INFO:colcon.colcon_core.shell:Creating package script '/home/mrstalford/ros2_ws/src/pavbot_imu/install/pavbot_imu/share/pavbot_imu/package.sh'
[2.362s] INFO:colcon.colcon_core.shell:Creating package script '/home/mrstalford/ros2_ws/src/pavbot_imu/install/pavbot_imu/share/pavbot_imu/package.bash'
[2.365s] INFO:colcon.colcon_core.shell:Creating package script '/home/mrstalford/ros2_ws/src/pavbot_imu/install/pavbot_imu/share/pavbot_imu/package.zsh'
[2.369s] Level 1:colcon.colcon_core.environment:create_file_with_runtime_dependencies(/home/mrstalford/ros2_ws/src/pavbot_imu/install/pavbot_imu/share/colcon-core/packages/pavbot_imu)
[2.372s] Level 1:colcon.colcon_core.environment:create_environment_scripts_only(pavbot_imu)
[2.373s] Level 1:colcon.colcon_core.environment:checking '/home/mrstalford/ros2_ws/src/pavbot_imu/install/pavbot_imu' for CMake module files
[2.376s] Level 1:colcon.colcon_core.environment:checking '/home/mrstalford/ros2_ws/src/pavbot_imu/install/pavbot_imu' for CMake config files
[2.377s] Level 1:colcon.colcon_core.shell:create_environment_hook('pavbot_imu', 'cmake_prefix_path')
[2.378s] INFO:colcon.colcon_core.shell:Creating environment hook '/home/mrstalford/ros2_ws/src/pavbot_imu/install/pavbot_imu/share/pavbot_imu/hook/cmake_prefix_path.ps1'
[2.380s] INFO:colcon.colcon_core.shell:Creating environment descriptor '/home/mrstalford/ros2_ws/src/pavbot_imu/install/pavbot_imu/share/pavbot_imu/hook/cmake_prefix_path.dsv'
[2.382s] INFO:colcon.colcon_core.shell:Creating environment hook '/home/mrstalford/ros2_ws/src/pavbot_imu/install/pavbot_imu/share/pavbot_imu/hook/cmake_prefix_path.sh'
[2.385s] Level 1:colcon.colcon_core.environment:checking '/home/mrstalford/ros2_ws/src/pavbot_imu/install/pavbot_imu/lib'
[2.386s] Level 1:colcon.colcon_core.environment:checking '/home/mrstalford/ros2_ws/src/pavbot_imu/install/pavbot_imu/bin'
[2.386s] Level 1:colcon.colcon_core.environment:checking '/home/mrstalford/ros2_ws/src/pavbot_imu/install/pavbot_imu/lib/pkgconfig/pavbot_imu.pc'
[2.387s] Level 1:colcon.colcon_core.environment:checking '/home/mrstalford/ros2_ws/src/pavbot_imu/install/pavbot_imu/lib/python3.10/site-packages'
[2.389s] Level 1:colcon.colcon_core.environment:checking '/home/mrstalford/ros2_ws/src/pavbot_imu/install/pavbot_imu/bin'
[2.390s] INFO:colcon.colcon_core.shell:Creating package script '/home/mrstalford/ros2_ws/src/pavbot_imu/install/pavbot_imu/share/pavbot_imu/package.ps1'
[2.392s] INFO:colcon.colcon_core.shell:Creating package descriptor '/home/mrstalford/ros2_ws/src/pavbot_imu/install/pavbot_imu/share/pavbot_imu/package.dsv'
[2.395s] INFO:colcon.colcon_core.shell:Creating package script '/home/mrstalford/ros2_ws/src/pavbot_imu/install/pavbot_imu/share/pavbot_imu/package.sh'
[2.397s] INFO:colcon.colcon_core.shell:Creating package script '/home/mrstalford/ros2_ws/src/pavbot_imu/install/pavbot_imu/share/pavbot_imu/package.bash'
[2.400s] INFO:colcon.colcon_core.shell:Creating package script '/home/mrstalford/ros2_ws/src/pavbot_imu/install/pavbot_imu/share/pavbot_imu/package.zsh'
[2.402s] Level 1:colcon.colcon_core.environment:create_file_with_runtime_dependencies(/home/mrstalford/ros2_ws/src/pavbot_imu/install/pavbot_imu/share/colcon-core/packages/pavbot_imu)
[2.404s] DEBUG:colcon.colcon_parallel_executor.executor.parallel:closing loop
[2.405s] DEBUG:colcon.colcon_parallel_executor.executor.parallel:loop closed
[2.405s] DEBUG:colcon.colcon_parallel_executor.executor.parallel:run_until_complete finished with '0'
[2.405s] DEBUG:colcon.colcon_core.event_reactor:joining thread
[2.431s] INFO:colcon.colcon_core.plugin_system:Skipping extension 'colcon_notification.desktop_notification.terminal_notifier': Not used on non-Darwin systems
[2.432s] INFO:colcon.colcon_core.plugin_system:Skipping extension 'colcon_notification.desktop_notification.win32': Not used on non-Windows systems
[2.432s] INFO:colcon.colcon_notification.desktop_notification:Sending desktop notification using 'notify2'
[2.491s] DEBUG:colcon.colcon_core.event_reactor:joined thread
[2.492s] INFO:colcon.colcon_core.shell:Creating prefix script '/home/mrstalford/ros2_ws/src/pavbot_imu/install/local_setup.ps1'
[2.497s] INFO:colcon.colcon_core.shell:Creating prefix util module '/home/mrstalford/ros2_ws/src/pavbot_imu/install/_local_setup_util_ps1.py'
[2.504s] INFO:colcon.colcon_core.shell:Creating prefix chain script '/home/mrstalford/ros2_ws/src/pavbot_imu/install/setup.ps1'
[2.512s] INFO:colcon.colcon_core.shell:Creating prefix script '/home/mrstalford/ros2_ws/src/pavbot_imu/install/local_setup.sh'
[2.517s] INFO:colcon.colcon_core.shell:Creating prefix util module '/home/mrstalford/ros2_ws/src/pavbot_imu/install/_local_setup_util_sh.py'
[2.522s] INFO:colcon.colcon_core.shell:Creating prefix chain script '/home/mrstalford/ros2_ws/src/pavbot_imu/install/setup.sh'
[2.531s] INFO:colcon.colcon_core.shell:Creating prefix script '/home/mrstalford/ros2_ws/src/pavbot_imu/install/local_setup.bash'
[2.535s] INFO:colcon.colcon_core.shell:Creating prefix chain script '/home/mrstalford/ros2_ws/src/pavbot_imu/install/setup.bash'
[2.543s] INFO:colcon.colcon_core.shell:Creating prefix script '/home/mrstalford/ros2_ws/src/pavbot_imu/install/local_setup.zsh'
[2.546s] INFO:colcon.colcon_core.shell:Creating prefix chain script '/home/mrstalford/ros2_ws/src/pavbot_imu/install/setup.zsh'
