[0.480s] DEBUG:colcon:Command line arguments: ['/usr/bin/colcon', 'build']
[0.480s] DEBUG:colcon:Parsed command line arguments: Namespace(log_base=None, log_level=None, verb_name='build', build_base='build', install_base='install', merge_install=False, symlink_install=False, test_result_base=None, continue_on_error=False, executor='parallel', parallel_workers=4, event_handlers=None, ignore_user_meta=False, metas=['./colcon.meta'], base_paths=['.'], packages_ignore=None, packages_ignore_regex=None, paths=None, packages_up_to=None, packages_up_to_regex=None, packages_above=None, packages_above_and_dependencies=None, packages_above_depth=None, packages_select_by_dep=None, packages_skip_by_dep=None, packages_skip_up_to=None, packages_select_build_failed=False, packages_skip_build_finished=False, packages_select_test_failures=False, packages_skip_test_passed=False, packages_select=None, packages_skip=None, packages_select_regex=None, packages_skip_regex=None, packages_start=None, packages_end=None, allow_overriding=[], cmake_args=None, cmake_target=None, cmake_target_skip_unavailable=False, cmake_clean_cache=False, cmake_clean_first=False, cmake_force_configure=False, ament_cmake_args=None, catkin_cmake_args=None, catkin_skip_building_tests=False, mixin_files=None, mixin=None, verb_parser=<colcon_mixin.mixin.mixin_argument.MixinArgumentDecorator object at 0xffff9db71180>, verb_extension=<colcon_core.verb.build.BuildVerb object at 0xffff9dd1a0e0>, main=<bound method BuildVerb.main of <colcon_core.verb.build.BuildVerb object at 0xffff9dd1a0e0>>, mixin_verb=('build',))
[1.397s] Level 1:colcon.colcon_core.package_discovery:discover_packages(colcon_meta) check parameters
[1.397s] Level 1:colcon.colcon_core.package_discovery:discover_packages(recursive) check parameters
[1.397s] Level 1:colcon.colcon_core.package_discovery:discover_packages(ignore) check parameters
[1.398s] Level 1:colcon.colcon_core.package_discovery:discover_packages(path) check parameters
[1.398s] Level 1:colcon.colcon_core.package_discovery:discover_packages(colcon_meta) discover
[1.398s] Level 1:colcon.colcon_core.package_discovery:discover_packages(recursive) discover
[1.398s] INFO:colcon.colcon_core.package_discovery:Crawling recursively for packages in '/home/mrstalford/ros2_ws/src/pavbot_imu'
[1.399s] Level 1:colcon.colcon_core.package_identification:_identify(.) by extensions ['ignore', 'ignore_ament_install']
[1.399s] Level 1:colcon.colcon_core.package_identification:_identify(.) by extension 'ignore'
[1.399s] Level 1:colcon.colcon_core.package_identification:_identify(.) by extension 'ignore_ament_install'
[1.400s] Level 1:colcon.colcon_core.package_identification:_identify(.) by extensions ['colcon_pkg']
[1.400s] Level 1:colcon.colcon_core.package_identification:_identify(.) by extension 'colcon_pkg'
[1.400s] Level 1:colcon.colcon_core.package_identification:_identify(.) by extensions ['colcon_meta']
[1.400s] Level 1:colcon.colcon_core.package_identification:_identify(.) by extension 'colcon_meta'
[1.400s] Level 1:colcon.colcon_core.package_identification:_identify(.) by extensions ['ros']
[1.400s] Level 1:colcon.colcon_core.package_identification:_identify(.) by extension 'ros'
[1.453s] DEBUG:colcon.colcon_core.package_identification:Package '.' with type 'ros.ament_cmake' and name 'pavbot_imu'
[1.454s] Level 1:colcon.colcon_core.package_discovery:discover_packages(recursive) using defaults
[1.454s] Level 1:colcon.colcon_core.package_discovery:discover_packages(ignore) discover
[1.454s] Level 1:colcon.colcon_core.package_discovery:discover_packages(ignore) using defaults
[1.454s] Level 1:colcon.colcon_core.package_discovery:discover_packages(path) discover
[1.454s] Level 1:colcon.colcon_core.package_discovery:discover_packages(path) using defaults
[1.582s] Level 1:colcon.colcon_core.package_discovery:discover_packages(prefix_path) check parameters
[1.582s] Level 1:colcon.colcon_core.package_discovery:discover_packages(prefix_path) discover
[1.593s] DEBUG:colcon.colcon_installed_package_information.package_discovery:Found 1 installed packages in /home/mrstalford/ros2_ws/src/pavbot_imu/install
[1.595s] DEBUG:colcon.colcon_installed_package_information.package_discovery:Found 3 installed packages in /home/mrstalford/ros2_ws/install
[1.598s] DEBUG:colcon.colcon_installed_package_information.package_discovery:Found 1 installed packages in /home/mrstalford/ros2_ws/src/pavbot_gps/install
[1.608s] DEBUG:colcon.colcon_installed_package_information.package_discovery:Found 272 installed packages in /opt/ros/humble
[1.614s] Level 1:colcon.colcon_core.package_discovery:discover_packages(prefix_path) using defaults
[1.781s] Level 5:colcon.colcon_core.verb:set package 'pavbot_imu' build argument 'cmake_args' from command line to 'None'
[1.782s] Level 5:colcon.colcon_core.verb:set package 'pavbot_imu' build argument 'cmake_target' from command line to 'None'
[1.782s] Level 5:colcon.colcon_core.verb:set package 'pavbot_imu' build argument 'cmake_target_skip_unavailable' from command line to 'False'
[1.782s] Level 5:colcon.colcon_core.verb:set package 'pavbot_imu' build argument 'cmake_clean_cache' from command line to 'False'
[1.782s] Level 5:colcon.colcon_core.verb:set package 'pavbot_imu' build argument 'cmake_clean_first' from command line to 'False'
[1.782s] Level 5:colcon.colcon_core.verb:set package 'pavbot_imu' build argument 'cmake_force_configure' from command line to 'False'
[1.782s] Level 5:colcon.colcon_core.verb:set package 'pavbot_imu' build argument 'ament_cmake_args' from command line to 'None'
[1.782s] Level 5:colcon.colcon_core.verb:set package 'pavbot_imu' build argument 'catkin_cmake_args' from command line to 'None'
[1.783s] Level 5:colcon.colcon_core.verb:set package 'pavbot_imu' build argument 'catkin_skip_building_tests' from command line to 'False'
[1.783s] DEBUG:colcon.colcon_core.verb:Building package 'pavbot_imu' with the following arguments: {'ament_cmake_args': None, 'build_base': '/home/mrstalford/ros2_ws/src/pavbot_imu/build/pavbot_imu', 'catkin_cmake_args': None, 'catkin_skip_building_tests': False, 'cmake_args': None, 'cmake_clean_cache': False, 'cmake_clean_first': False, 'cmake_force_configure': False, 'cmake_target': None, 'cmake_target_skip_unavailable': False, 'install_base': '/home/mrstalford/ros2_ws/src/pavbot_imu/install/pavbot_imu', 'merge_install': False, 'path': '/home/mrstalford/ros2_ws/src/pavbot_imu', 'symlink_install': False, 'test_result_base': None}
[1.783s] INFO:colcon.colcon_core.executor:Executing jobs using 'parallel' executor
[1.787s] DEBUG:colcon.colcon_parallel_executor.executor.parallel:run_until_complete
[1.788s] INFO:colcon.colcon_ros.task.ament_cmake.build:Building ROS package in '/home/mrstalford/ros2_ws/src/pavbot_imu' with build type 'ament_cmake'
[1.789s] INFO:colcon.colcon_cmake.task.cmake.build:Building CMake package in '/home/mrstalford/ros2_ws/src/pavbot_imu'
[1.799s] INFO:colcon.colcon_core.plugin_system:Skipping extension 'colcon_core.shell.bat': Not used on non-Windows systems
[1.802s] INFO:colcon.colcon_core.shell:Skip shell extension 'powershell' for command environment: Not usable outside of PowerShell
[1.802s] DEBUG:colcon.colcon_core.shell:Skip shell extension 'dsv' for command environment
[1.862s] DEBUG:colcon.colcon_core.event_handler.log_command:Invoking command in '/home/mrstalford/ros2_ws/src/pavbot_imu/build/pavbot_imu': CMAKE_PREFIX_PATH=${CMAKE_PREFIX_PATH}:/opt/ros/humble /usr/bin/cmake --build /home/mrstalford/ros2_ws/src/pavbot_imu/build/pavbot_imu -- -j4 -l4
[22.548s] DEBUG:colcon.colcon_core.event_handler.log_command:Invoked command in '/home/mrstalford/ros2_ws/src/pavbot_imu/build/pavbot_imu' returned '0': CMAKE_PREFIX_PATH=${CMAKE_PREFIX_PATH}:/opt/ros/humble /usr/bin/cmake --build /home/mrstalford/ros2_ws/src/pavbot_imu/build/pavbot_imu -- -j4 -l4
[22.593s] DEBUG:colcon.colcon_core.event_handler.log_command:Invoking command in '/home/mrstalford/ros2_ws/src/pavbot_imu/build/pavbot_imu': CMAKE_PREFIX_PATH=${CMAKE_PREFIX_PATH}:/opt/ros/humble /usr/bin/cmake --install /home/mrstalford/ros2_ws/src/pavbot_imu/build/pavbot_imu
[22.651s] Level 1:colcon.colcon_core.environment:create_environment_scripts_only(pavbot_imu)
[22.652s] DEBUG:colcon.colcon_core.event_handler.log_command:Invoked command in '/home/mrstalford/ros2_ws/src/pavbot_imu/build/pavbot_imu' returned '0': CMAKE_PREFIX_PATH=${CMAKE_PREFIX_PATH}:/opt/ros/humble /usr/bin/cmake --install /home/mrstalford/ros2_ws/src/pavbot_imu/build/pavbot_imu
[22.663s] Level 1:colcon.colcon_core.environment:checking '/home/mrstalford/ros2_ws/src/pavbot_imu/install/pavbot_imu' for CMake module files
[22.666s] Level 1:colcon.colcon_core.environment:checking '/home/mrstalford/ros2_ws/src/pavbot_imu/install/pavbot_imu' for CMake config files
[22.668s] Level 1:colcon.colcon_core.shell:create_environment_hook('pavbot_imu', 'cmake_prefix_path')
[22.669s] INFO:colcon.colcon_core.shell:Creating environment hook '/home/mrstalford/ros2_ws/src/pavbot_imu/install/pavbot_imu/share/pavbot_imu/hook/cmake_prefix_path.ps1'
[22.672s] INFO:colcon.colcon_core.shell:Creating environment descriptor '/home/mrstalford/ros2_ws/src/pavbot_imu/install/pavbot_imu/share/pavbot_imu/hook/cmake_prefix_path.dsv'
[22.674s] INFO:colcon.colcon_core.shell:Creating environment hook '/home/mrstalford/ros2_ws/src/pavbot_imu/install/pavbot_imu/share/pavbot_imu/hook/cmake_prefix_path.sh'
[22.678s] Level 1:colcon.colcon_core.environment:checking '/home/mrstalford/ros2_ws/src/pavbot_imu/install/pavbot_imu/lib'
[22.679s] Level 1:colcon.colcon_core.environment:checking '/home/mrstalford/ros2_ws/src/pavbot_imu/install/pavbot_imu/bin'
[22.680s] Level 1:colcon.colcon_core.environment:checking '/home/mrstalford/ros2_ws/src/pavbot_imu/install/pavbot_imu/lib/pkgconfig/pavbot_imu.pc'
[22.680s] Level 1:colcon.colcon_core.environment:checking '/home/mrstalford/ros2_ws/src/pavbot_imu/install/pavbot_imu/lib/python3.10/site-packages'
[22.682s] Level 1:colcon.colcon_core.environment:checking '/home/mrstalford/ros2_ws/src/pavbot_imu/install/pavbot_imu/bin'
[22.684s] INFO:colcon.colcon_core.shell:Creating package script '/home/mrstalford/ros2_ws/src/pavbot_imu/install/pavbot_imu/share/pavbot_imu/package.ps1'
[22.687s] INFO:colcon.colcon_core.shell:Creating package descriptor '/home/mrstalford/ros2_ws/src/pavbot_imu/install/pavbot_imu/share/pavbot_imu/package.dsv'
[22.690s] INFO:colcon.colcon_core.shell:Creating package script '/home/mrstalford/ros2_ws/src/pavbot_imu/install/pavbot_imu/share/pavbot_imu/package.sh'
[22.693s] INFO:colcon.colcon_core.shell:Creating package script '/home/mrstalford/ros2_ws/src/pavbot_imu/install/pavbot_imu/share/pavbot_imu/package.bash'
[22.697s] INFO:colcon.colcon_core.shell:Creating package script '/home/mrstalford/ros2_ws/src/pavbot_imu/install/pavbot_imu/share/pavbot_imu/package.zsh'
[22.700s] Level 1:colcon.colcon_core.environment:create_file_with_runtime_dependencies(/home/mrstalford/ros2_ws/src/pavbot_imu/install/pavbot_imu/share/colcon-core/packages/pavbot_imu)
[22.703s] Level 1:colcon.colcon_core.environment:create_environment_scripts_only(pavbot_imu)
[22.704s] Level 1:colcon.colcon_core.environment:checking '/home/mrstalford/ros2_ws/src/pavbot_imu/install/pavbot_imu' for CMake module files
[22.707s] Level 1:colcon.colcon_core.environment:checking '/home/mrstalford/ros2_ws/src/pavbot_imu/install/pavbot_imu' for CMake config files
[22.709s] Level 1:colcon.colcon_core.shell:create_environment_hook('pavbot_imu', 'cmake_prefix_path')
[22.710s] INFO:colcon.colcon_core.shell:Creating environment hook '/home/mrstalford/ros2_ws/src/pavbot_imu/install/pavbot_imu/share/pavbot_imu/hook/cmake_prefix_path.ps1'
[22.713s] INFO:colcon.colcon_core.shell:Creating environment descriptor '/home/mrstalford/ros2_ws/src/pavbot_imu/install/pavbot_imu/share/pavbot_imu/hook/cmake_prefix_path.dsv'
[22.717s] INFO:colcon.colcon_core.shell:Creating environment hook '/home/mrstalford/ros2_ws/src/pavbot_imu/install/pavbot_imu/share/pavbot_imu/hook/cmake_prefix_path.sh'
[22.721s] Level 1:colcon.colcon_core.environment:checking '/home/mrstalford/ros2_ws/src/pavbot_imu/install/pavbot_imu/lib'
[22.721s] Level 1:colcon.colcon_core.environment:checking '/home/mrstalford/ros2_ws/src/pavbot_imu/install/pavbot_imu/bin'
[22.722s] Level 1:colcon.colcon_core.environment:checking '/home/mrstalford/ros2_ws/src/pavbot_imu/install/pavbot_imu/lib/pkgconfig/pavbot_imu.pc'
[22.723s] Level 1:colcon.colcon_core.environment:checking '/home/mrstalford/ros2_ws/src/pavbot_imu/install/pavbot_imu/lib/python3.10/site-packages'
[22.724s] Level 1:colcon.colcon_core.environment:checking '/home/mrstalford/ros2_ws/src/pavbot_imu/install/pavbot_imu/bin'
[22.725s] INFO:colcon.colcon_core.shell:Creating package script '/home/mrstalford/ros2_ws/src/pavbot_imu/install/pavbot_imu/share/pavbot_imu/package.ps1'
[22.728s] INFO:colcon.colcon_core.shell:Creating package descriptor '/home/mrstalford/ros2_ws/src/pavbot_imu/install/pavbot_imu/share/pavbot_imu/package.dsv'
[22.730s] INFO:colcon.colcon_core.shell:Creating package script '/home/mrstalford/ros2_ws/src/pavbot_imu/install/pavbot_imu/share/pavbot_imu/package.sh'
[22.733s] INFO:colcon.colcon_core.shell:Creating package script '/home/mrstalford/ros2_ws/src/pavbot_imu/install/pavbot_imu/share/pavbot_imu/package.bash'
[22.736s] INFO:colcon.colcon_core.shell:Creating package script '/home/mrstalford/ros2_ws/src/pavbot_imu/install/pavbot_imu/share/pavbot_imu/package.zsh'
[22.738s] Level 1:colcon.colcon_core.environment:create_file_with_runtime_dependencies(/home/mrstalford/ros2_ws/src/pavbot_imu/install/pavbot_imu/share/colcon-core/packages/pavbot_imu)
[22.739s] DEBUG:colcon.colcon_parallel_executor.executor.parallel:closing loop
[22.741s] DEBUG:colcon.colcon_parallel_executor.executor.parallel:loop closed
[22.741s] DEBUG:colcon.colcon_parallel_executor.executor.parallel:run_until_complete finished with '0'
[22.742s] DEBUG:colcon.colcon_core.event_reactor:joining thread
[22.765s] INFO:colcon.colcon_core.plugin_system:Skipping extension 'colcon_notification.desktop_notification.terminal_notifier': Not used on non-Darwin systems
[22.766s] INFO:colcon.colcon_core.plugin_system:Skipping extension 'colcon_notification.desktop_notification.win32': Not used on non-Windows systems
[22.766s] INFO:colcon.colcon_notification.desktop_notification:Sending desktop notification using 'notify2'
[22.828s] DEBUG:colcon.colcon_core.event_reactor:joined thread
[22.829s] INFO:colcon.colcon_core.shell:Creating prefix script '/home/mrstalford/ros2_ws/src/pavbot_imu/install/local_setup.ps1'
[22.834s] INFO:colcon.colcon_core.shell:Creating prefix util module '/home/mrstalford/ros2_ws/src/pavbot_imu/install/_local_setup_util_ps1.py'
[22.843s] INFO:colcon.colcon_core.shell:Creating prefix chain script '/home/mrstalford/ros2_ws/src/pavbot_imu/install/setup.ps1'
[22.851s] INFO:colcon.colcon_core.shell:Creating prefix script '/home/mrstalford/ros2_ws/src/pavbot_imu/install/local_setup.sh'
[22.856s] INFO:colcon.colcon_core.shell:Creating prefix util module '/home/mrstalford/ros2_ws/src/pavbot_imu/install/_local_setup_util_sh.py'
[22.861s] INFO:colcon.colcon_core.shell:Creating prefix chain script '/home/mrstalford/ros2_ws/src/pavbot_imu/install/setup.sh'
[22.869s] INFO:colcon.colcon_core.shell:Creating prefix script '/home/mrstalford/ros2_ws/src/pavbot_imu/install/local_setup.bash'
[22.873s] INFO:colcon.colcon_core.shell:Creating prefix chain script '/home/mrstalford/ros2_ws/src/pavbot_imu/install/setup.bash'
[22.880s] INFO:colcon.colcon_core.shell:Creating prefix script '/home/mrstalford/ros2_ws/src/pavbot_imu/install/local_setup.zsh'
[22.883s] INFO:colcon.colcon_core.shell:Creating prefix chain script '/home/mrstalford/ros2_ws/src/pavbot_imu/install/setup.zsh'
