[0.073s] Invoking command in '/home/mrstalford/ros2_ws/src/pavbot_imu/build/pavbot_imu': CMAKE_PREFIX_PATH=${CMAKE_PREFIX_PATH}:/opt/ros/humble /usr/bin/cmake --build /home/mrstalford/ros2_ws/src/pavbot_imu/build/pavbot_imu -- -j4 -l4
[0.263s] [35m[1mConsolidate compiler generated dependencies of target pavbot_imu[0m
[0.365s] [ 50%] [32mBuilding CXX object CMakeFiles/pavbot_imu.dir/src/pavbot_imu.cpp.o[0m
[18.010s] [100%] [32m[1mLinking CXX executable pavbot_imu[0m
[18.889s] [100%] Built target pavbot_imu
[18.933s] Invoked command in '/home/mrstalford/ros2_ws/src/pavbot_imu/build/pavbot_imu' returned '0': CMAKE_PREFIX_PATH=${CMAKE_PREFIX_PATH}:/opt/ros/humble /usr/bin/cmake --build /home/mrstalford/ros2_ws/src/pavbot_imu/build/pavbot_imu -- -j4 -l4
[18.977s] Invoking command in '/home/mrstalford/ros2_ws/src/pavbot_imu/build/pavbot_imu': CMAKE_PREFIX_PATH=${CMAKE_PREFIX_PATH}:/opt/ros/humble /usr/bin/cmake --install /home/mrstalford/ros2_ws/src/pavbot_imu/build/pavbot_imu
[19.008s] -- Install configuration: ""
[19.009s] -- Installing: /home/mrstalford/ros2_ws/src/pavbot_imu/install/pavbot_imu/lib/pavbot_imu/pavbot_imu
[19.021s] -- Set runtime path of "/home/mrstalford/ros2_ws/src/pavbot_imu/install/pavbot_imu/lib/pavbot_imu/pavbot_imu" to ""
[19.022s] -- Up-to-date: /home/mrstalford/ros2_ws/src/pavbot_imu/install/pavbot_imu/share/pavbot_imu/launch
[19.022s] -- Up-to-date: /home/mrstalford/ros2_ws/src/pavbot_imu/install/pavbot_imu/share/pavbot_imu/launch/imu.launch.py
[19.023s] -- Up-to-date: /home/mrstalford/ros2_ws/src/pavbot_imu/install/pavbot_imu/share/ament_index/resource_index/package_run_dependencies/pavbot_imu
[19.023s] -- Up-to-date: /home/mrstalford/ros2_ws/src/pavbot_imu/install/pavbot_imu/share/ament_index/resource_index/parent_prefix_path/pavbot_imu
[19.024s] -- Up-to-date: /home/mrstalford/ros2_ws/src/pavbot_imu/install/pavbot_imu/share/pavbot_imu/environment/ament_prefix_path.sh
[19.024s] -- Up-to-date: /home/mrstalford/ros2_ws/src/pavbot_imu/install/pavbot_imu/share/pavbot_imu/environment/ament_prefix_path.dsv
[19.025s] -- Up-to-date: /home/mrstalford/ros2_ws/src/pavbot_imu/install/pavbot_imu/share/pavbot_imu/environment/path.sh
[19.025s] -- Up-to-date: /home/mrstalford/ros2_ws/src/pavbot_imu/install/pavbot_imu/share/pavbot_imu/environment/path.dsv
[19.026s] -- Up-to-date: /home/mrstalford/ros2_ws/src/pavbot_imu/install/pavbot_imu/share/pavbot_imu/local_setup.bash
[19.026s] -- Up-to-date: /home/mrstalford/ros2_ws/src/pavbot_imu/install/pavbot_imu/share/pavbot_imu/local_setup.sh
[19.027s] -- Up-to-date: /home/mrstalford/ros2_ws/src/pavbot_imu/install/pavbot_imu/share/pavbot_imu/local_setup.zsh
[19.028s] -- Up-to-date: /home/mrstalford/ros2_ws/src/pavbot_imu/install/pavbot_imu/share/pavbot_imu/local_setup.dsv
[19.028s] -- Installing: /home/mrstalford/ros2_ws/src/pavbot_imu/install/pavbot_imu/share/pavbot_imu/package.dsv
[19.029s] -- Up-to-date: /home/mrstalford/ros2_ws/src/pavbot_imu/install/pavbot_imu/share/ament_index/resource_index/packages/pavbot_imu
[19.030s] -- Up-to-date: /home/mrstalford/ros2_ws/src/pavbot_imu/install/pavbot_imu/share/pavbot_imu/cmake/pavbot_imuConfig.cmake
[19.030s] -- Up-to-date: /home/mrstalford/ros2_ws/src/pavbot_imu/install/pavbot_imu/share/pavbot_imu/cmake/pavbot_imuConfig-version.cmake
[19.030s] -- Up-to-date: /home/mrstalford/ros2_ws/src/pavbot_imu/install/pavbot_imu/share/pavbot_imu/package.xml
[19.036s] Invoked command in '/home/mrstalford/ros2_ws/src/pavbot_imu/build/pavbot_imu' returned '0': CMAKE_PREFIX_PATH=${CMAKE_PREFIX_PATH}:/opt/ros/humble /usr/bin/cmake --install /home/mrstalford/ros2_ws/src/pavbot_imu/build/pavbot_imu
