[0.086s] Invoking command in '/home/mrstalford/ros2_ws/src/pavbot_imu/build/pavbot_imu': CMAKE_PREFIX_PATH=${CMAKE_PREFIX_PATH}:/opt/ros/humble /usr/bin/cmake --build /home/mrstalford/ros2_ws/src/pavbot_imu/build/pavbot_imu -- -j4 -l4
[0.376s] [ 50%] [32mBuilding CXX object CMakeFiles/pavbot_imu.dir/src/pavbot_imu.cpp.o[0m
[16.198s] [01m[K/home/mrstalford/ros2_ws/src/pavbot_imu/src/pavbot_imu.cpp:[m[K In member function ‘[01m[Kvoid PavbotIMU::update()[m[K’:
[16.199s] [01m[K/home/mrstalford/ros2_ws/src/pavbot_imu/src/pavbot_imu.cpp:44:23:[m[K [01;31m[Kerror: [m[Kno match for ‘[01m[Koperator*[m[K’ (operand types are ‘[01m[Kstd::optional<double>[m[K’ and ‘[01m[Kdouble[m[K’)
[16.199s]    44 |     heading = [32m[Kheading[m[K [01;31m[K*[m[K TO_DEG;
[16.200s]       |               [32m[K~~~~~~~[m[K [01;31m[K^[m[K
[16.201s]       |               [32m[K|[m[K
[16.202s]       |               [32m[Kstd::optional<double>[m[K
[16.202s] [01m[K/home/mrstalford/ros2_ws/src/pavbot_imu/src/pavbot_imu.cpp:44:23:[m[K [01;36m[Knote: [m[Kcandidate: ‘[01m[Koperator*(int, double)[m[K’ (built-in)
[16.203s]    44 |     heading = heading [01;36m[K*[m[K TO_DEG;
[16.203s]       |                       [01;36m[K^[m[K
[16.203s] [01m[K/home/mrstalford/ros2_ws/src/pavbot_imu/src/pavbot_imu.cpp:44:23:[m[K [01;36m[Knote: [m[K  no known conversion for argument 1 from ‘[01m[Kstd::optional<double>[m[K’ to ‘[01m[Kint[m[K’
[16.204s] In file included from [01m[K/opt/ros/humble/include/rclcpp/rclcpp/client.hpp:23[m[K,
[16.205s]                  from [01m[K/opt/ros/humble/include/rclcpp/rclcpp/callback_group.hpp:24[m[K,
[16.207s]                  from [01m[K/opt/ros/humble/include/rclcpp/rclcpp/any_executable.hpp:20[m[K,
[16.207s]                  from [01m[K/opt/ros/humble/include/rclcpp/rclcpp/memory_strategy.hpp:25[m[K,
[16.208s]                  from [01m[K/opt/ros/humble/include/rclcpp/rclcpp/memory_strategies.hpp:18[m[K,
[16.208s]                  from [01m[K/opt/ros/humble/include/rclcpp/rclcpp/executor_options.hpp:20[m[K,
[16.209s]                  from [01m[K/opt/ros/humble/include/rclcpp/rclcpp/executor.hpp:37[m[K,
[16.210s]                  from [01m[K/opt/ros/humble/include/rclcpp/rclcpp/executors/multi_threaded_executor.hpp:25[m[K,
[16.210s]                  from [01m[K/opt/ros/humble/include/rclcpp/rclcpp/executors.hpp:21[m[K,
[16.211s]                  from [01m[K/opt/ros/humble/include/rclcpp/rclcpp/rclcpp.hpp:155[m[K,
[16.212s]                  from [01m[K/home/mrstalford/ros2_ws/src/pavbot_imu/src/pavbot_imu.cpp:11[m[K:
[16.212s] [01m[K/usr/include/c++/11/optional:926:7:[m[K [01;36m[Knote: [m[Kcandidate: ‘[01m[Kconstexpr const _Tp& std::optional<_Tp>::operator*() const & [with _Tp = double][m[K’
[16.213s]   926 |       [01;36m[Koperator[m[K*() const& noexcept
[16.213s]       |       [01;36m[K^~~~~~~~[m[K
[16.214s] [01m[K/usr/include/c++/11/optional:926:7:[m[K [01;36m[Knote: [m[K  candidate expects 0 arguments, 1 provided
[16.215s] [01m[K/usr/include/c++/11/optional:930:7:[m[K [01;36m[Knote: [m[Kcandidate: ‘[01m[Kconstexpr _Tp& std::optional<_Tp>::operator*() & [with _Tp = double][m[K’
[16.215s]   930 |       [01;36m[Koperator[m[K*()& noexcept
[16.216s]       |       [01;36m[K^~~~~~~~[m[K
[16.218s] [01m[K/usr/include/c++/11/optional:930:7:[m[K [01;36m[Knote: [m[K  candidate expects 0 arguments, 1 provided
[16.218s] [01m[K/usr/include/c++/11/optional:934:7:[m[K [01;36m[Knote: [m[Kcandidate: ‘[01m[Kconstexpr _Tp&& std::optional<_Tp>::operator*() && [with _Tp = double][m[K’
[16.219s]   934 |       [01;36m[Koperator[m[K*()&& noexcept
[16.220s]       |       [01;36m[K^~~~~~~~[m[K
[16.220s] [01m[K/usr/include/c++/11/optional:934:7:[m[K [01;36m[Knote: [m[K  candidate expects 0 arguments, 1 provided
[16.221s] [01m[K/usr/include/c++/11/optional:938:7:[m[K [01;36m[Knote: [m[Kcandidate: ‘[01m[Kconstexpr const _Tp&& std::optional<_Tp>::operator*() const && [with _Tp = double][m[K’
[16.222s]   938 |       [01;36m[Koperator[m[K*() const&& noexcept
[16.222s]       |       [01;36m[K^~~~~~~~[m[K
[16.223s] [01m[K/usr/include/c++/11/optional:938:7:[m[K [01;36m[Knote: [m[K  candidate expects 0 arguments, 1 provided
[20.560s] gmake[2]: *** [CMakeFiles/pavbot_imu.dir/build.make:76: CMakeFiles/pavbot_imu.dir/src/pavbot_imu.cpp.o] Error 1
[20.566s] gmake[1]: *** [CMakeFiles/Makefile2:137: CMakeFiles/pavbot_imu.dir/all] Error 2
[20.567s] gmake: *** [Makefile:146: all] Error 2
[20.574s] Invoked command in '/home/mrstalford/ros2_ws/src/pavbot_imu/build/pavbot_imu' returned '2': CMAKE_PREFIX_PATH=${CMAKE_PREFIX_PATH}:/opt/ros/humble /usr/bin/cmake --build /home/mrstalford/ros2_ws/src/pavbot_imu/build/pavbot_imu -- -j4 -l4
