In file included from [01m[K/opt/ros/humble/include/rclcpp/rclcpp/logging.hpp:24[m[K,
                 from [01m[K/opt/ros/humble/include/rclcpp/rclcpp/client.hpp:40[m[K,
                 from [01m[K/opt/ros/humble/include/rclcpp/rclcpp/callback_group.hpp:24[m[K,
                 from [01m[K/opt/ros/humble/include/rclcpp/rclcpp/any_executable.hpp:20[m[K,
                 from [01m[K/opt/ros/humble/include/rclcpp/rclcpp/memory_strategy.hpp:25[m[K,
                 from [01m[K/opt/ros/humble/include/rclcpp/rclcpp/memory_strategies.hpp:18[m[K,
                 from [01m[K/opt/ros/humble/include/rclcpp/rclcpp/executor_options.hpp:20[m[K,
                 from [01m[K/opt/ros/humble/include/rclcpp/rclcpp/executor.hpp:37[m[K,
                 from [01m[K/opt/ros/humble/include/rclcpp/rclcpp/executors/multi_threaded_executor.hpp:25[m[K,
                 from [01m[K/opt/ros/humble/include/rclcpp/rclcpp/executors.hpp:21[m[K,
                 from [01m[K/opt/ros/humble/include/rclcpp/rclcpp/rclcpp.hpp:155[m[K,
                 from [01m[K/home/mrstalford/ros2_ws/src/pavbot_imu/src/pavbot_imu.cpp:21[m[K:
[01m[K/home/mrstalford/ros2_ws/src/pavbot_imu/src/pavbot_imu.cpp:[m[K In member function ‘[01m[Kvoid PavbotIMU::update()[m[K’:
[01m[K/home/mrstalford/ros2_ws/src/pavbot_imu/src/pavbot_imu.cpp:56:42:[m[K [01;31m[Kerror: [m[Kinvalid operands of types ‘[01m[Kconst char [8][m[K’ and ‘[01m[Kconst char [33][m[K’ to binary ‘[01m[Koperator+[m[K’
   56 |     RCLCPP_INFO(get_logger(), [32m[K"Debug:\n"[m[K [01;31m[K+[m[K
      |                               [32m[K~~~~~~~~~~[m[K [01;31m[K^[m[K
      |                               [32m[K|[m[K
      |                               [32m[Kconst char [8][m[K
   57 |     [34m[K"Heading:          %4.1f degrees\n"[m[K +
      |     [34m[K~~~~~~~~~~~~~~~~~~~~~~~~~~~~~~~~~~~[m[K   
      |     [34m[K|[m[K
      |     [34m[Kconst char [33][m[K
gmake[2]: *** [CMakeFiles/pavbot_imu.dir/build.make:76: CMakeFiles/pavbot_imu.dir/src/pavbot_imu.cpp.o] Error 1
gmake[1]: *** [CMakeFiles/Makefile2:137: CMakeFiles/pavbot_imu.dir/all] Error 2
gmake: *** [Makefile:146: all] Error 2
