[0.064s] Invoking command in '/home/mrstalford/ros2_ws/src/pavbot_imu/build/pavbot_imu': CMAKE_PREFIX_PATH=${CMAKE_PREFIX_PATH}:/opt/ros/humble /usr/bin/cmake --build /home/mrstalford/ros2_ws/src/pavbot_imu/build/pavbot_imu -- -j4 -l4
[0.264s] [35m[1mConsolidate compiler generated dependencies of target pavbot_imu[0m
[0.368s] [ 50%] [32mBuilding CXX object CMakeFiles/pavbot_imu.dir/src/pavbot_imu.cpp.o[0m
[11.050s] [01m[K/home/mrstalford/ros2_ws/src/pavbot_imu/src/pavbot_imu.cpp:[m[K In member function ‘[01m[Kvoid PavbotIMU::update()[m[K’:
[11.050s] [01m[K/home/mrstalford/ros2_ws/src/pavbot_imu/src/pavbot_imu.cpp:71:36:[m[K [01;31m[Kerror: [m[K‘[01m[Kclass std::optional<Vector3>[m[K’ has no member named ‘[01m[Kx[m[K’
[11.051s]    71 |     dataMsg.angular_velocity.x = v.[01;31m[Kx[m[K;
[11.051s]       |                                    [01;31m[K^[m[K
[11.052s] [01m[K/home/mrstalford/ros2_ws/src/pavbot_imu/src/pavbot_imu.cpp:72:36:[m[K [01;31m[Kerror: [m[K‘[01m[Kclass std::optional<Vector3>[m[K’ has no member named ‘[01m[Ky[m[K’
[11.052s]    72 |     dataMsg.angular_velocity.y = v.[01;31m[Ky[m[K;
[11.053s]       |                                    [01;31m[K^[m[K
[11.053s] [01m[K/home/mrstalford/ros2_ws/src/pavbot_imu/src/pavbot_imu.cpp:73:36:[m[K [01;31m[Kerror: [m[K‘[01m[Kclass std::optional<Vector3>[m[K’ has no member named ‘[01m[Kz[m[K’
[11.053s]    73 |     dataMsg.angular_velocity.z = v.[01;31m[Kz[m[K;
[11.054s]       |                                    [01;31m[K^[m[K
[11.054s] [01m[K/home/mrstalford/ros2_ws/src/pavbot_imu/src/pavbot_imu.cpp:79:23:[m[K [01;31m[Kerror: [m[Kinvalid ‘[01m[Kstatic_cast[m[K’ from type ‘[01m[Kstd::optional<double>[m[K’ to type ‘[01m[Kfloat[m[K’
[11.055s]    79 |     headingMsg.data = [01;31m[Kstatic_cast<float>(h)[m[K;
[11.055s]       |                       [01;31m[K^~~~~~~~~~~~~~~~~~~~~[m[K
[14.694s] gmake[2]: *** [CMakeFiles/pavbot_imu.dir/build.make:76: CMakeFiles/pavbot_imu.dir/src/pavbot_imu.cpp.o] Error 1
[14.695s] gmake[1]: *** [CMakeFiles/Makefile2:137: CMakeFiles/pavbot_imu.dir/all] Error 2
[14.696s] gmake: *** [Makefile:146: all] Error 2
[14.704s] Invoked command in '/home/mrstalford/ros2_ws/src/pavbot_imu/build/pavbot_imu' returned '2': CMAKE_PREFIX_PATH=${CMAKE_PREFIX_PATH}:/opt/ros/humble /usr/bin/cmake --build /home/mrstalford/ros2_ws/src/pavbot_imu/build/pavbot_imu -- -j4 -l4
