[0.069s] Invoking command in '/home/mrstalford/ros2_ws/src/pavbot_imu/build/pavbot_imu': CMAKE_PREFIX_PATH=${CMAKE_PREFIX_PATH}:/opt/ros/humble /usr/bin/cmake --build /home/mrstalford/ros2_ws/src/pavbot_imu/build/pavbot_imu -- -j4 -l4
[0.264s] [35m[1mConsolidate compiler generated dependencies of target pavbot_imu[0m
[0.365s] [ 50%] [32mBuilding CXX object CMakeFiles/pavbot_imu.dir/src/pavbot_imu.cpp.o[0m
[15.383s] In file included from [01m[K/home/mrstalford/ros2_ws/src/pavbot_imu/src/imu.h:13[m[K,
[15.384s]                  from [01m[K/home/mrstalford/ros2_ws/src/pavbot_imu/src/pavbot_imu.cpp:16[m[K:
[15.384s] [01m[K/home/mrstalford/ros2_ws/src/pavbot_imu/src/imu_packet_builder.h:[m[K In static member function ‘[01m[Kstatic std::vector<unsigned char, std::allocator<unsigned char> > ImuPacketBuilder::build(ImuCommand, const std::vector<unsigned int>&)[m[K’:
[15.385s] [01m[K/home/mrstalford/ros2_ws/src/pavbot_imu/src/imu_packet_builder.h:24:25:[m[K [01;31m[Kerror: [m[Kno matching function for call to ‘[01m[Kstd::vector<unsigned int>::push_back(ImuCommand)[m[K’
[15.385s]    24 |         [01;31m[Kpacket.push_back(ImuCommand::StartByte)[m[K;
[15.386s]       |         [01;31m[K~~~~~~~~~~~~~~~~^~~~~~~~~~~~~~~~~~~~~~~[m[K
[15.386s] In file included from [01m[K/usr/include/c++/11/vector:67[m[K,
[15.387s]                  from [01m[K/usr/include/c++/11/functional:62[m[K,
[15.388s]                  from [01m[K/usr/include/c++/11/pstl/glue_algorithm_defs.h:13[m[K,
[15.388s]                  from [01m[K/usr/include/c++/11/algorithm:74[m[K,
[15.389s]                  from [01m[K/opt/ros/humble/include/rclcpp/rclcpp/executor.hpp:18[m[K,
[15.389s]                  from [01m[K/opt/ros/humble/include/rclcpp/rclcpp/executors/multi_threaded_executor.hpp:25[m[K,
[15.389s]                  from [01m[K/opt/ros/humble/include/rclcpp/rclcpp/executors.hpp:21[m[K,
[15.390s]                  from [01m[K/opt/ros/humble/include/rclcpp/rclcpp/rclcpp.hpp:155[m[K,
[15.390s]                  from [01m[K/home/mrstalford/ros2_ws/src/pavbot_imu/src/pavbot_imu.cpp:11[m[K:
[15.391s] [01m[K/usr/include/c++/11/bits/stl_vector.h:1187:7:[m[K [01;36m[Knote: [m[Kcandidate: ‘[01m[Kvoid std::vector<_Tp, _Alloc>::push_back(const value_type&) [with _Tp = unsigned int; _Alloc = std::allocator<unsigned int>; std::vector<_Tp, _Alloc>::value_type = unsigned int][m[K’
[15.391s]  1187 |       [01;36m[Kpush_back[m[K(const value_type& __x)
[15.392s]       |       [01;36m[K^~~~~~~~~[m[K
[15.392s] [01m[K/usr/include/c++/11/bits/stl_vector.h:1187:35:[m[K [01;36m[Knote: [m[K  no known conversion for argument 1 from ‘[01m[KImuCommand[m[K’ to ‘[01m[Kconst value_type&[m[K’ {aka ‘[01m[Kconst unsigned int&[m[K’}
[15.392s]  1187 |       push_back([01;36m[Kconst value_type& __x[m[K)
[15.393s]       |                 [01;36m[K~~~~~~~~~~~~~~~~~~^~~[m[K
[15.393s] [01m[K/usr/include/c++/11/bits/stl_vector.h:1203:7:[m[K [01;36m[Knote: [m[Kcandidate: ‘[01m[Kvoid std::vector<_Tp, _Alloc>::push_back(std::vector<_Tp, _Alloc>::value_type&&) [with _Tp = unsigned int; _Alloc = std::allocator<unsigned int>; std::vector<_Tp, _Alloc>::value_type = unsigned int][m[K’
[15.394s]  1203 |       [01;36m[Kpush_back[m[K(value_type&& __x)
[15.394s]       |       [01;36m[K^~~~~~~~~[m[K
[15.395s] [01m[K/usr/include/c++/11/bits/stl_vector.h:1203:30:[m[K [01;36m[Knote: [m[K  no known conversion for argument 1 from ‘[01m[KImuCommand[m[K’ to ‘[01m[Kstd::vector<unsigned int>::value_type&&[m[K’ {aka ‘[01m[Kunsigned int&&[m[K’}
[15.395s]  1203 |       push_back([01;36m[Kvalue_type&& __x[m[K)
[15.396s]       |                 [01;36m[K~~~~~~~~~~~~~^~~[m[K
[15.396s] In file included from [01m[K/home/mrstalford/ros2_ws/src/pavbot_imu/src/imu.h:13[m[K,
[15.397s]                  from [01m[K/home/mrstalford/ros2_ws/src/pavbot_imu/src/pavbot_imu.cpp:16[m[K:
[15.397s] [01m[K/home/mrstalford/ros2_ws/src/pavbot_imu/src/imu_packet_builder.h:30:35:[m[K [01;31m[Kerror: [m[Kcannot convert ‘[01m[Kvector<[01;32m[Kunsigned int[m[K,allocator<[01;32m[Kunsigned int[m[K>>[m[K’ to ‘[01m[Kvector<[01;32m[Kunsigned char[m[K,allocator<[01;32m[Kunsigned char[m[K>>[m[K’
[15.398s]    30 |         packet.push_back(checksum([01;31m[Kpacket[m[K));
[15.398s]       |                                   [01;31m[K^~~~~~[m[K
[15.399s]       |                                   [01;31m[K|[m[K
[15.399s]       |                                   [01;31m[Kvector<unsigned int,allocator<unsigned int>>[m[K
[15.400s] [01m[K/home/mrstalford/ros2_ws/src/pavbot_imu/src/imu_packet_builder.h:36:50:[m[K [01;36m[Knote: [m[K  initializing argument 1 of ‘[01m[Kstatic uint8_t ImuPacketBuilder::checksum(std::vector<unsigned char, std::allocator<unsigned char> >)[m[K’
[15.400s]    36 | 8_t checksum([01;36m[Kconst std::vector<uint8_t>&[m[K packet) {
[15.401s]       |              [01;36m[K~~~~~~~~~~~~~~~~~~~~~^~~~~~[m[K
[15.401s] 
[15.402s] [01m[K/home/mrstalford/ros2_ws/src/pavbot_imu/src/imu_packet_builder.h:32:16:[m[K [01;31m[Kerror: [m[Kcould not convert ‘[01m[Kpacket[m[K’ from ‘[01m[Kvector<[01;32m[Kunsigned int[m[K,allocator<[01;32m[Kunsigned int[m[K>>[m[K’ to ‘[01m[Kvector<[01;32m[Kunsigned char[m[K,allocator<[01;32m[Kunsigned char[m[K>>[m[K’
[15.402s]    32 |         return [01;31m[Kpacket[m[K;
[15.402s]       |                [01;31m[K^~~~~~[m[K
[15.403s]       |                [01;31m[K|[m[K
[15.403s]       |                [01;31m[Kvector<unsigned int,allocator<unsigned int>>[m[K
[15.404s] In file included from [01m[K/home/mrstalford/ros2_ws/src/pavbot_imu/src/pavbot_imu.cpp:16[m[K:
[15.404s] [01m[K/home/mrstalford/ros2_ws/src/pavbot_imu/src/imu.h:[m[K In member function ‘[01m[Kvoid IMU::enableCompass()[m[K’:
[15.405s] [01m[K/home/mrstalford/ros2_ws/src/pavbot_imu/src/imu.h:74:77:[m[K [01;31m[Kerror: [m[Kcannot convert ‘[01m[Kstd::vector<unsigned char, std::allocator<unsigned char> >[m[K’ to ‘[01m[Kconst std::vector<unsigned int>&[m[K’
[15.405s]    74 | ild(ImuCommand::SetCompassEnabled, [01;31m[Kpayload[m[K));
[15.405s]       |                                    [01;31m[K^~~~~~~[m[K
[15.406s]       |                                    [01;31m[K|[m[K
[15.406s]       |                                    [01;31m[Kstd::vector<unsigned char, std::allocator<unsigned char> >[m[K
[15.407s] 
[15.407s] In file included from [01m[K/home/mrstalford/ros2_ws/src/pavbot_imu/src/imu.h:13[m[K,
[15.407s]                  from [01m[K/home/mrstalford/ros2_ws/src/pavbot_imu/src/pavbot_imu.cpp:16[m[K:
[15.408s] [01m[K/home/mrstalford/ros2_ws/src/pavbot_imu/src/imu_packet_builder.h:21:82:[m[K [01;36m[Knote: [m[K  initializing argument 2 of ‘[01m[Kstatic std::vector<unsigned char, std::allocator<unsigned char> > ImuPacketBuilder::build(ImuCommand, const std::vector<unsigned int>&)[m[K’
[15.408s]    21 | d c, [01;36m[Kconst std::vector<uint32_t>& payload = {}[m[K) {
[15.409s]       |      [01;36m[K~~~~~~~~~~~~~~~~~~~~~~~~~~~~~^~~~~~~~~~~~[m[K
[15.409s] 
[18.903s] gmake[2]: *** [CMakeFiles/pavbot_imu.dir/build.make:76: CMakeFiles/pavbot_imu.dir/src/pavbot_imu.cpp.o] Error 1
[18.904s] gmake[1]: *** [CMakeFiles/Makefile2:137: CMakeFiles/pavbot_imu.dir/all] Error 2
[18.904s] gmake: *** [Makefile:146: all] Error 2
[18.912s] Invoked command in '/home/mrstalford/ros2_ws/src/pavbot_imu/build/pavbot_imu' returned '2': CMAKE_PREFIX_PATH=${CMAKE_PREFIX_PATH}:/opt/ros/humble /usr/bin/cmake --build /home/mrstalford/ros2_ws/src/pavbot_imu/build/pavbot_imu -- -j4 -l4
