[0.073s] Invoking command in '/home/mrstalford/ros2_ws/src/pavbot_imu/build/pavbot_imu': CMAKE_PREFIX_PATH=${CMAKE_PREFIX_PATH}:/opt/ros/humble /usr/bin/cmake --build /home/mrstalford/ros2_ws/src/pavbot_imu/build/pavbot_imu -- -j4 -l4
[0.269s] [35m[1mConsolidate compiler generated dependencies of target pavbot_imu[0m
[0.369s] [ 50%] [32mBuilding CXX object CMakeFiles/pavbot_imu.dir/src/pavbot_imu.cpp.o[0m
[10.646s] In file included from [01m[K/home/mrstalford/ros2_ws/src/pavbot_imu/src/imu.h:13[m[K,
[10.646s]                  from [01m[K/home/mrstalford/ros2_ws/src/pavbot_imu/src/pavbot_imu.cpp:16[m[K:
[10.647s] [01m[K/home/mrstalford/ros2_ws/src/pavbot_imu/src/imu_packet_builder.h:46:2:[m[K [01;31m[Kerror: [m[Kexpected ‘[01m[K;[m[K’ after class definition
[10.647s]    46 | }
[10.648s]       |  [01;31m[K^[m[K
[10.648s]       |  [32m[K;[m[K
[10.656s] [01m[K/home/mrstalford/ros2_ws/src/pavbot_imu/src/imu_packet_builder.h:[m[K In member function ‘[01m[Kstd::vector<unsigned char, std::allocator<unsigned char> > ImuPacketBuilder::build(ImuCommand, std::vector<unsigned int>)[m[K’:
[10.657s] [01m[K/home/mrstalford/ros2_ws/src/pavbot_imu/src/imu_packet_builder.h:24:25:[m[K [01;31m[Kerror: [m[Kno matching function for call to ‘[01m[Kstd::vector<unsigned int>::push_back(ImuCommand)[m[K’
[10.657s]    24 |         [01;31m[Kpacket.push_back(ImuCommand::StartByte)[m[K;
[10.658s]       |         [01;31m[K~~~~~~~~~~~~~~~~^~~~~~~~~~~~~~~~~~~~~~~[m[K
[10.658s] In file included from [01m[K/usr/include/c++/11/vector:67[m[K,
[10.658s]                  from [01m[K/usr/include/c++/11/functional:62[m[K,
[10.659s]                  from [01m[K/usr/include/c++/11/pstl/glue_algorithm_defs.h:13[m[K,
[10.660s]                  from [01m[K/usr/include/c++/11/algorithm:74[m[K,
[10.661s]                  from [01m[K/opt/ros/humble/include/rclcpp/rclcpp/executor.hpp:18[m[K,
[10.661s]                  from [01m[K/opt/ros/humble/include/rclcpp/rclcpp/executors/multi_threaded_executor.hpp:25[m[K,
[10.661s]                  from [01m[K/opt/ros/humble/include/rclcpp/rclcpp/executors.hpp:21[m[K,
[10.662s]                  from [01m[K/opt/ros/humble/include/rclcpp/rclcpp/rclcpp.hpp:155[m[K,
[10.662s]                  from [01m[K/home/mrstalford/ros2_ws/src/pavbot_imu/src/pavbot_imu.cpp:11[m[K:
[10.663s] [01m[K/usr/include/c++/11/bits/stl_vector.h:1187:7:[m[K [01;36m[Knote: [m[Kcandidate: ‘[01m[Kvoid std::vector<_Tp, _Alloc>::push_back(const value_type&) [with _Tp = unsigned int; _Alloc = std::allocator<unsigned int>; std::vector<_Tp, _Alloc>::value_type = unsigned int][m[K’
[10.663s]  1187 |       [01;36m[Kpush_back[m[K(const value_type& __x)
[10.663s]       |       [01;36m[K^~~~~~~~~[m[K
[10.664s] [01m[K/usr/include/c++/11/bits/stl_vector.h:1187:35:[m[K [01;36m[Knote: [m[K  no known conversion for argument 1 from ‘[01m[KImuCommand[m[K’ to ‘[01m[Kconst value_type&[m[K’ {aka ‘[01m[Kconst unsigned int&[m[K’}
[10.665s]  1187 |       push_back([01;36m[Kconst value_type& __x[m[K)
[10.665s]       |                 [01;36m[K~~~~~~~~~~~~~~~~~~^~~[m[K
[10.665s] [01m[K/usr/include/c++/11/bits/stl_vector.h:1203:7:[m[K [01;36m[Knote: [m[Kcandidate: ‘[01m[Kvoid std::vector<_Tp, _Alloc>::push_back(std::vector<_Tp, _Alloc>::value_type&&) [with _Tp = unsigned int; _Alloc = std::allocator<unsigned int>; std::vector<_Tp, _Alloc>::value_type = unsigned int][m[K’
[10.666s]  1203 |       [01;36m[Kpush_back[m[K(value_type&& __x)
[10.666s]       |       [01;36m[K^~~~~~~~~[m[K
[10.667s] [01m[K/usr/include/c++/11/bits/stl_vector.h:1203:30:[m[K [01;36m[Knote: [m[K  no known conversion for argument 1 from ‘[01m[KImuCommand[m[K’ to ‘[01m[Kstd::vector<unsigned int>::value_type&&[m[K’ {aka ‘[01m[Kunsigned int&&[m[K’}
[10.667s]  1203 |       push_back([01;36m[Kvalue_type&& __x[m[K)
[10.667s]       |                 [01;36m[K~~~~~~~~~~~~~^~~[m[K
[10.668s] In file included from [01m[K/home/mrstalford/ros2_ws/src/pavbot_imu/src/imu.h:13[m[K,
[10.669s]                  from [01m[K/home/mrstalford/ros2_ws/src/pavbot_imu/src/pavbot_imu.cpp:16[m[K:
[10.670s] [01m[K/home/mrstalford/ros2_ws/src/pavbot_imu/src/imu_packet_builder.h:30:35:[m[K [01;31m[Kerror: [m[Kcannot convert ‘[01m[Kvector<[01;32m[Kunsigned int[m[K,allocator<[01;32m[Kunsigned int[m[K>>[m[K’ to ‘[01m[Kvector<[01;32m[Kunsigned char[m[K,allocator<[01;32m[Kunsigned char[m[K>>[m[K’
[10.670s]    30 |         packet.push_back(checksum([01;31m[Kpacket[m[K));
[10.671s]       |                                   [01;31m[K^~~~~~[m[K
[10.671s]       |                                   [01;31m[K|[m[K
[10.671s]       |                                   [01;31m[Kvector<unsigned int,allocator<unsigned int>>[m[K
[10.672s] [01m[K/home/mrstalford/ros2_ws/src/pavbot_imu/src/imu_packet_builder.h:36:43:[m[K [01;36m[Knote: [m[K  initializing argument 1 of ‘[01m[Kuint8_t ImuPacketBuilder::checksum(std::vector<unsigned char, std::allocator<unsigned char> >)[m[K’
[10.672s]    36 | nt8_t checksum([01;36m[Kstd::vector<uint8_t> packet[m[K) {
[10.673s]       |                [01;36m[K~~~~~~~~~~~~~~~~~~~~~^~~~~~[m[K
[10.673s] 
[10.674s] [01m[K/home/mrstalford/ros2_ws/src/pavbot_imu/src/imu_packet_builder.h:32:16:[m[K [01;31m[Kerror: [m[Kcould not convert ‘[01m[Kpacket[m[K’ from ‘[01m[Kvector<[01;32m[Kunsigned int[m[K,allocator<[01;32m[Kunsigned int[m[K>>[m[K’ to ‘[01m[Kvector<[01;32m[Kunsigned char[m[K,allocator<[01;32m[Kunsigned char[m[K>>[m[K’
[10.674s]    32 |         return [01;31m[Kpacket[m[K;
[10.675s]       |                [01;31m[K^~~~~~[m[K
[10.675s]       |                [01;31m[K|[m[K
[10.675s]       |                [01;31m[Kvector<unsigned int,allocator<unsigned int>>[m[K
[10.676s] In file included from [01m[K/home/mrstalford/ros2_ws/src/pavbot_imu/src/pavbot_imu.cpp:16[m[K:
[10.676s] [01m[K/home/mrstalford/ros2_ws/src/pavbot_imu/src/imu.h:[m[K In member function ‘[01m[Kvoid IMU::enableCompass()[m[K’:
[10.677s] [01m[K/home/mrstalford/ros2_ws/src/pavbot_imu/src/imu.h:74:77:[m[K [01;31m[Kerror: [m[Kcannot convert ‘[01m[Kvector<[01;32m[Kunsigned char[m[K,allocator<[01;32m[Kunsigned char[m[K>>[m[K’ to ‘[01m[Kvector<[01;32m[Kunsigned int[m[K,allocator<[01;32m[Kunsigned int[m[K>>[m[K’
[10.677s]    74 | ild(ImuCommand::SetCompassEnabled, [01;31m[Kpayload[m[K));
[10.678s]       |                                    [01;31m[K^~~~~~~[m[K
[10.678s]       |                                    [01;31m[K|[m[K
[10.678s]       |                                    [01;31m[Kvector<unsigned char,allocator<unsigned char>>[m[K
[10.679s] 
[10.679s] In file included from [01m[K/home/mrstalford/ros2_ws/src/pavbot_imu/src/imu.h:13[m[K,
[10.680s]                  from [01m[K/home/mrstalford/ros2_ws/src/pavbot_imu/src/pavbot_imu.cpp:16[m[K:
[10.680s] [01m[K/home/mrstalford/ros2_ws/src/pavbot_imu/src/imu_packet_builder.h:21:68:[m[K [01;36m[Knote: [m[K  initializing argument 2 of ‘[01m[Kstd::vector<unsigned char, std::allocator<unsigned char> > ImuPacketBuilder::build(ImuCommand, std::vector<unsigned int>)[m[K’
[10.680s]    21 | uCommand c, [01;36m[Kstd::vector<uint32_t> payload = {}[m[K) {
[10.681s]       |             [01;36m[K~~~~~~~~~~~~~~~~~~~~~~^~~~~~~~~~~~[m[K
[10.681s] 
[10.682s] In file included from [01m[K/home/mrstalford/ros2_ws/src/pavbot_imu/src/pavbot_imu.cpp:16[m[K:
[10.682s] [01m[K/home/mrstalford/ros2_ws/src/pavbot_imu/src/imu.h:[m[K In member function ‘[01m[Kvoid IMU::requestHeading()[m[K’:
[10.683s] [01m[K/home/mrstalford/ros2_ws/src/pavbot_imu/src/imu.h:78:45:[m[K [01;31m[Kerror: [m[Kcannot call member function ‘[01m[Kstd::vector<unsigned char, std::allocator<unsigned char> > ImuPacketBuilder::build(ImuCommand, std::vector<unsigned int>)[m[K’ without object
[10.683s]    78 | iteCommand([01;31m[KImuPacketBuilder::build(ImuCommand::GetEulerAngles)[m[K);
[10.684s]       |            [01;31m[K~~~~~~~~~~~~~~~~~~~~~~~^~~~~~~~~~~~~~~~~~~~~~~~~~~~[m[K
[10.684s] 
[13.853s] gmake[2]: *** [CMakeFiles/pavbot_imu.dir/build.make:76: CMakeFiles/pavbot_imu.dir/src/pavbot_imu.cpp.o] Error 1
[13.854s] gmake[1]: *** [CMakeFiles/Makefile2:137: CMakeFiles/pavbot_imu.dir/all] Error 2
[13.854s] gmake: *** [Makefile:146: all] Error 2
[13.862s] Invoked command in '/home/mrstalford/ros2_ws/src/pavbot_imu/build/pavbot_imu' returned '2': CMAKE_PREFIX_PATH=${CMAKE_PREFIX_PATH}:/opt/ros/humble /usr/bin/cmake --build /home/mrstalford/ros2_ws/src/pavbot_imu/build/pavbot_imu -- -j4 -l4
