[01m[K/home/mrstalford/ros2_ws/src/pavbot_imu/src/pavbot_imu.cpp:[m[K In member function ‘[01m[Kvoid PavbotIMU::update()[m[K’:
[01m[K/home/mrstalford/ros2_ws/src/pavbot_imu/src/pavbot_imu.cpp:71:31:[m[K [01;31m[Kerror: [m[K‘[01m[Kclass std::optional<Quaternion>[m[K’ has no member named ‘[01m[Kx[m[K’
   71 |     dataMsg.orientation.x = p.[01;31m[Kx[m[K;
      |                               [01;31m[K^[m[K
[01m[K/home/mrstalford/ros2_ws/src/pavbot_imu/src/pavbot_imu.cpp:72:31:[m[K [01;31m[Kerror: [m[K‘[01m[Kclass std::optional<Quaternion>[m[K’ has no member named ‘[01m[Ky[m[K’
   72 |     dataMsg.orientation.y = p.[01;31m[Ky[m[K;
      |                               [01;31m[K^[m[K
[01m[K/home/mrstalford/ros2_ws/src/pavbot_imu/src/pavbot_imu.cpp:73:31:[m[K [01;31m[Kerror: [m[K‘[01m[Kclass std::optional<Quaternion>[m[K’ has no member named ‘[01m[Kz[m[K’
   73 |     dataMsg.orientation.z = p.[01;31m[Kz[m[K;
      |                               [01;31m[K^[m[K
[01m[K/home/mrstalford/ros2_ws/src/pavbot_imu/src/pavbot_imu.cpp:74:31:[m[K [01;31m[Kerror: [m[K‘[01m[Kclass std::optional<Quaternion>[m[K’ has no member named ‘[01m[Kw[m[K’
   74 |     dataMsg.orientation.w = p.[01;31m[Kw[m[K;
      |                               [01;31m[K^[m[K
[01m[K/home/mrstalford/ros2_ws/src/pavbot_imu/src/pavbot_imu.cpp:76:36:[m[K [01;31m[Kerror: [m[K‘[01m[Kclass std::optional<Vector3>[m[K’ has no member named ‘[01m[Kx[m[K’
   76 |     dataMsg.angular_velocity.x = v.[01;31m[Kx[m[K;
      |                                    [01;31m[K^[m[K
[01m[K/home/mrstalford/ros2_ws/src/pavbot_imu/src/pavbot_imu.cpp:77:36:[m[K [01;31m[Kerror: [m[K‘[01m[Kclass std::optional<Vector3>[m[K’ has no member named ‘[01m[Ky[m[K’
   77 |     dataMsg.angular_velocity.y = v.[01;31m[Ky[m[K;
      |                                    [01;31m[K^[m[K
[01m[K/home/mrstalford/ros2_ws/src/pavbot_imu/src/pavbot_imu.cpp:78:36:[m[K [01;31m[Kerror: [m[K‘[01m[Kclass std::optional<Vector3>[m[K’ has no member named ‘[01m[Kz[m[K’
   78 |     dataMsg.angular_velocity.z = v.[01;31m[Kz[m[K;
      |                                    [01;31m[K^[m[K
[01m[K/home/mrstalford/ros2_ws/src/pavbot_imu/src/pavbot_imu.cpp:84:23:[m[K [01;31m[Kerror: [m[Kinvalid ‘[01m[Kstatic_cast[m[K’ from type ‘[01m[Kstd::optional<double>[m[K’ to type ‘[01m[Kfloat[m[K’
   84 |     headingMsg.data = [01;31m[Kstatic_cast<float>(h)[m[K;
      |                       [01;31m[K^~~~~~~~~~~~~~~~~~~~~[m[K
gmake[2]: *** [CMakeFiles/pavbot_imu.dir/build.make:76: CMakeFiles/pavbot_imu.dir/src/pavbot_imu.cpp.o] Error 1
gmake[1]: *** [CMakeFiles/Makefile2:137: CMakeFiles/pavbot_imu.dir/all] Error 2
gmake: *** [Makefile:146: all] Error 2
