[0.462s] DEBUG:colcon:Command line arguments: ['/usr/bin/colcon', 'build']
[0.463s] DEBUG:colcon:Parsed command line arguments: Namespace(log_base=None, log_level=None, verb_name='build', build_base='build', install_base='install', merge_install=False, symlink_install=False, test_result_base=None, continue_on_error=False, executor='parallel', parallel_workers=4, event_handlers=None, ignore_user_meta=False, metas=['./colcon.meta'], base_paths=['.'], packages_ignore=None, packages_ignore_regex=None, paths=None, packages_up_to=None, packages_up_to_regex=None, packages_above=None, packages_above_and_dependencies=None, packages_above_depth=None, packages_select_by_dep=None, packages_skip_by_dep=None, packages_skip_up_to=None, packages_select_build_failed=False, packages_skip_build_finished=False, packages_select_test_failures=False, packages_skip_test_passed=False, packages_select=None, packages_skip=None, packages_select_regex=None, packages_skip_regex=None, packages_start=None, packages_end=None, allow_overriding=[], cmake_args=None, cmake_target=None, cmake_target_skip_unavailable=False, cmake_clean_cache=False, cmake_clean_first=False, cmake_force_configure=False, ament_cmake_args=None, catkin_cmake_args=None, catkin_skip_building_tests=False, mixin_files=None, mixin=None, verb_parser=<colcon_mixin.mixin.mixin_argument.MixinArgumentDecorator object at 0xffff93271180>, verb_extension=<colcon_core.verb.build.BuildVerb object at 0xffff9341a0e0>, main=<bound method BuildVerb.main of <colcon_core.verb.build.BuildVerb object at 0xffff9341a0e0>>, mixin_verb=('build',))
[1.396s] Level 1:colcon.colcon_core.package_discovery:discover_packages(colcon_meta) check parameters
[1.397s] Level 1:colcon.colcon_core.package_discovery:discover_packages(recursive) check parameters
[1.397s] Level 1:colcon.colcon_core.package_discovery:discover_packages(ignore) check parameters
[1.397s] Level 1:colcon.colcon_core.package_discovery:discover_packages(path) check parameters
[1.397s] Level 1:colcon.colcon_core.package_discovery:discover_packages(colcon_meta) discover
[1.398s] Level 1:colcon.colcon_core.package_discovery:discover_packages(recursive) discover
[1.398s] INFO:colcon.colcon_core.package_discovery:Crawling recursively for packages in '/home/mrstalford/ros2_ws/src/pavbot_imu'
[1.398s] Level 1:colcon.colcon_core.package_identification:_identify(.) by extensions ['ignore', 'ignore_ament_install']
[1.399s] Level 1:colcon.colcon_core.package_identification:_identify(.) by extension 'ignore'
[1.399s] Level 1:colcon.colcon_core.package_identification:_identify(.) by extension 'ignore_ament_install'
[1.399s] Level 1:colcon.colcon_core.package_identification:_identify(.) by extensions ['colcon_pkg']
[1.400s] Level 1:colcon.colcon_core.package_identification:_identify(.) by extension 'colcon_pkg'
[1.400s] Level 1:colcon.colcon_core.package_identification:_identify(.) by extensions ['colcon_meta']
[1.400s] Level 1:colcon.colcon_core.package_identification:_identify(.) by extension 'colcon_meta'
[1.400s] Level 1:colcon.colcon_core.package_identification:_identify(.) by extensions ['ros']
[1.400s] Level 1:colcon.colcon_core.package_identification:_identify(.) by extension 'ros'
[1.453s] DEBUG:colcon.colcon_core.package_identification:Package '.' with type 'ros.ament_cmake' and name 'pavbot_imu'
[1.454s] Level 1:colcon.colcon_core.package_discovery:discover_packages(recursive) using defaults
[1.454s] Level 1:colcon.colcon_core.package_discovery:discover_packages(ignore) discover
[1.454s] Level 1:colcon.colcon_core.package_discovery:discover_packages(ignore) using defaults
[1.454s] Level 1:colcon.colcon_core.package_discovery:discover_packages(path) discover
[1.454s] Level 1:colcon.colcon_core.package_discovery:discover_packages(path) using defaults
[1.581s] Level 1:colcon.colcon_core.package_discovery:discover_packages(prefix_path) check parameters
[1.581s] Level 1:colcon.colcon_core.package_discovery:discover_packages(prefix_path) discover
[1.592s] DEBUG:colcon.colcon_installed_package_information.package_discovery:Found 1 installed packages in /home/mrstalford/ros2_ws/src/pavbot_imu/install
[1.594s] DEBUG:colcon.colcon_installed_package_information.package_discovery:Found 3 installed packages in /home/mrstalford/ros2_ws/install
[1.604s] DEBUG:colcon.colcon_installed_package_information.package_discovery:Found 272 installed packages in /opt/ros/humble
[1.610s] Level 1:colcon.colcon_core.package_discovery:discover_packages(prefix_path) using defaults
[1.776s] Level 5:colcon.colcon_core.verb:set package 'pavbot_imu' build argument 'cmake_args' from command line to 'None'
[1.777s] Level 5:colcon.colcon_core.verb:set package 'pavbot_imu' build argument 'cmake_target' from command line to 'None'
[1.777s] Level 5:colcon.colcon_core.verb:set package 'pavbot_imu' build argument 'cmake_target_skip_unavailable' from command line to 'False'
[1.777s] Level 5:colcon.colcon_core.verb:set package 'pavbot_imu' build argument 'cmake_clean_cache' from command line to 'False'
[1.777s] Level 5:colcon.colcon_core.verb:set package 'pavbot_imu' build argument 'cmake_clean_first' from command line to 'False'
[1.777s] Level 5:colcon.colcon_core.verb:set package 'pavbot_imu' build argument 'cmake_force_configure' from command line to 'False'
[1.777s] Level 5:colcon.colcon_core.verb:set package 'pavbot_imu' build argument 'ament_cmake_args' from command line to 'None'
[1.777s] Level 5:colcon.colcon_core.verb:set package 'pavbot_imu' build argument 'catkin_cmake_args' from command line to 'None'
[1.777s] Level 5:colcon.colcon_core.verb:set package 'pavbot_imu' build argument 'catkin_skip_building_tests' from command line to 'False'
[1.778s] DEBUG:colcon.colcon_core.verb:Building package 'pavbot_imu' with the following arguments: {'ament_cmake_args': None, 'build_base': '/home/mrstalford/ros2_ws/src/pavbot_imu/build/pavbot_imu', 'catkin_cmake_args': None, 'catkin_skip_building_tests': False, 'cmake_args': None, 'cmake_clean_cache': False, 'cmake_clean_first': False, 'cmake_force_configure': False, 'cmake_target': None, 'cmake_target_skip_unavailable': False, 'install_base': '/home/mrstalford/ros2_ws/src/pavbot_imu/install/pavbot_imu', 'merge_install': False, 'path': '/home/mrstalford/ros2_ws/src/pavbot_imu', 'symlink_install': False, 'test_result_base': None}
[1.778s] INFO:colcon.colcon_core.executor:Executing jobs using 'parallel' executor
[1.782s] DEBUG:colcon.colcon_parallel_executor.executor.parallel:run_until_complete
[1.783s] INFO:colcon.colcon_ros.task.ament_cmake.build:Building ROS package in '/home/mrstalford/ros2_ws/src/pavbot_imu' with build type 'ament_cmake'
[1.784s] INFO:colcon.colcon_cmake.task.cmake.build:Building CMake package in '/home/mrstalford/ros2_ws/src/pavbot_imu'
[1.792s] INFO:colcon.colcon_core.plugin_system:Skipping extension 'colcon_core.shell.bat': Not used on non-Windows systems
[1.793s] INFO:colcon.colcon_core.shell:Skip shell extension 'powershell' for command environment: Not usable outside of PowerShell
[1.793s] DEBUG:colcon.colcon_core.shell:Skip shell extension 'dsv' for command environment
[1.853s] DEBUG:colcon.colcon_core.event_handler.log_command:Invoking command in '/home/mrstalford/ros2_ws/src/pavbot_imu/build/pavbot_imu': CMAKE_PREFIX_PATH=${CMAKE_PREFIX_PATH}:/opt/ros/humble /usr/bin/cmake --build /home/mrstalford/ros2_ws/src/pavbot_imu/build/pavbot_imu -- -j4 -l4
[15.231s] DEBUG:colcon.colcon_core.event_handler.log_command:Invoked command in '/home/mrstalford/ros2_ws/src/pavbot_imu/build/pavbot_imu' returned '2': CMAKE_PREFIX_PATH=${CMAKE_PREFIX_PATH}:/opt/ros/humble /usr/bin/cmake --build /home/mrstalford/ros2_ws/src/pavbot_imu/build/pavbot_imu -- -j4 -l4
[15.234s] Level 1:colcon.colcon_core.environment:create_environment_scripts_only(pavbot_imu)
[15.245s] Level 1:colcon.colcon_core.environment:checking '/home/mrstalford/ros2_ws/src/pavbot_imu/install/pavbot_imu' for CMake module files
[15.247s] Level 1:colcon.colcon_core.environment:checking '/home/mrstalford/ros2_ws/src/pavbot_imu/install/pavbot_imu' for CMake config files
[15.249s] Level 1:colcon.colcon_core.environment:checking '/home/mrstalford/ros2_ws/src/pavbot_imu/install/pavbot_imu/bin'
[15.250s] Level 1:colcon.colcon_core.environment:checking '/home/mrstalford/ros2_ws/src/pavbot_imu/install/pavbot_imu/lib/pkgconfig/pavbot_imu.pc'
[15.251s] Level 1:colcon.colcon_core.environment:checking '/home/mrstalford/ros2_ws/src/pavbot_imu/install/pavbot_imu/lib/python3.10/site-packages'
[15.252s] Level 1:colcon.colcon_core.environment:checking '/home/mrstalford/ros2_ws/src/pavbot_imu/install/pavbot_imu/bin'
[15.254s] INFO:colcon.colcon_core.shell:Creating package script '/home/mrstalford/ros2_ws/src/pavbot_imu/install/pavbot_imu/share/pavbot_imu/package.ps1'
[15.257s] INFO:colcon.colcon_core.shell:Creating package descriptor '/home/mrstalford/ros2_ws/src/pavbot_imu/install/pavbot_imu/share/pavbot_imu/package.dsv'
[15.260s] INFO:colcon.colcon_core.shell:Creating package script '/home/mrstalford/ros2_ws/src/pavbot_imu/install/pavbot_imu/share/pavbot_imu/package.sh'
[15.264s] INFO:colcon.colcon_core.shell:Creating package script '/home/mrstalford/ros2_ws/src/pavbot_imu/install/pavbot_imu/share/pavbot_imu/package.bash'
[15.267s] INFO:colcon.colcon_core.shell:Creating package script '/home/mrstalford/ros2_ws/src/pavbot_imu/install/pavbot_imu/share/pavbot_imu/package.zsh'
[15.271s] Level 1:colcon.colcon_core.environment:create_file_with_runtime_dependencies(/home/mrstalford/ros2_ws/src/pavbot_imu/install/pavbot_imu/share/colcon-core/packages/pavbot_imu)
[15.282s] DEBUG:colcon.colcon_parallel_executor.executor.parallel:closing loop
[15.283s] DEBUG:colcon.colcon_parallel_executor.executor.parallel:loop closed
[15.283s] DEBUG:colcon.colcon_parallel_executor.executor.parallel:run_until_complete finished with '2'
[15.284s] DEBUG:colcon.colcon_core.event_reactor:joining thread
[15.318s] INFO:colcon.colcon_core.plugin_system:Skipping extension 'colcon_notification.desktop_notification.terminal_notifier': Not used on non-Darwin systems
[15.318s] INFO:colcon.colcon_core.plugin_system:Skipping extension 'colcon_notification.desktop_notification.win32': Not used on non-Windows systems
[15.319s] INFO:colcon.colcon_notification.desktop_notification:Sending desktop notification using 'notify2'
[15.376s] DEBUG:colcon.colcon_core.event_reactor:joined thread
[15.377s] INFO:colcon.colcon_core.shell:Creating prefix script '/home/mrstalford/ros2_ws/src/pavbot_imu/install/local_setup.ps1'
[15.382s] INFO:colcon.colcon_core.shell:Creating prefix util module '/home/mrstalford/ros2_ws/src/pavbot_imu/install/_local_setup_util_ps1.py'
[15.391s] INFO:colcon.colcon_core.shell:Creating prefix chain script '/home/mrstalford/ros2_ws/src/pavbot_imu/install/setup.ps1'
[15.399s] INFO:colcon.colcon_core.shell:Creating prefix script '/home/mrstalford/ros2_ws/src/pavbot_imu/install/local_setup.sh'
[15.403s] INFO:colcon.colcon_core.shell:Creating prefix util module '/home/mrstalford/ros2_ws/src/pavbot_imu/install/_local_setup_util_sh.py'
[15.409s] INFO:colcon.colcon_core.shell:Creating prefix chain script '/home/mrstalford/ros2_ws/src/pavbot_imu/install/setup.sh'
[15.416s] INFO:colcon.colcon_core.shell:Creating prefix script '/home/mrstalford/ros2_ws/src/pavbot_imu/install/local_setup.bash'
[15.421s] INFO:colcon.colcon_core.shell:Creating prefix chain script '/home/mrstalford/ros2_ws/src/pavbot_imu/install/setup.bash'
[15.427s] INFO:colcon.colcon_core.shell:Creating prefix script '/home/mrstalford/ros2_ws/src/pavbot_imu/install/local_setup.zsh'
[15.430s] INFO:colcon.colcon_core.shell:Creating prefix chain script '/home/mrstalford/ros2_ws/src/pavbot_imu/install/setup.zsh'
