In file included from [01m[K/home/mrstalford/ros2_ws/src/pavbot_imu/src/pavbot_imu.cpp:16[m[K:
[01m[K/home/mrstalford/ros2_ws/src/pavbot_imu/src/imu.h:[m[K In member function ‘[01m[Kstd::optional<double> IMU::parseHeading()[m[K’:
[01m[K/home/mrstalford/ros2_ws/src/pavbot_imu/src/imu.h:112:26:[m[K [01;31m[Kerror: [m[Kno match for ‘[01m[Koperator!=[m[K’ (operand types are ‘[01m[K__gnu_cxx::__alloc_traits<std::allocator<unsigned char>, unsigned char>::value_type[m[K’ {aka ‘[01m[Kunsigned char[m[K’} and ‘[01m[KImuCommand[m[K’)
  112 |             if (rxBuf[0] != ImuCommand::StartByte) {
[01m[K/home/mrstalford/ros2_ws/src/pavbot_imu/src/imu.h:125:17:[m[K [01;31m[Kerror: [m[K‘[01m[Kcmd[m[K’ was not declared in this scope
  125 |             if ([01;31m[Kcmd[m[K == (static_cast<uint8_t>(ImuCommand::GetEulerAngles)
      |                 [01;31m[K^~~[m[K
[01m[K/home/mrstalford/ros2_ws/src/pavbot_imu/src/pavbot_imu.cpp:[m[K In member function ‘[01m[Kvoid PavbotIMU::update()[m[K’:
[01m[K/home/mrstalford/ros2_ws/src/pavbot_imu/src/pavbot_imu.cpp:43:27:[m[K [01;31m[Kerror: [m[Kexpected unqualified-id before ‘[01m[K=[m[K’ token
   43 |     std::optional<double> [01;31m[K=[m[K imu.readHeading();
      |                           [01;31m[K^[m[K
[01m[K/home/mrstalford/ros2_ws/src/pavbot_imu/src/pavbot_imu.cpp:45:17:[m[K [01;31m[Kerror: [m[Krequest for member ‘[01m[Khas_value[m[K’ in ‘[01m[K((PavbotIMU*)this)->PavbotIMU::heading[m[K’, which is of non-class type ‘[01m[Kdouble[m[K’
   45 |     if (heading.[01;31m[Khas_value[m[K()) {
      |                 [01;31m[K^~~~~~~~~[m[K
[01m[K/home/mrstalford/ros2_ws/src/pavbot_imu/src/pavbot_imu.cpp:46:45:[m[K [01;31m[Kerror: [m[Krequest for member ‘[01m[Kvalue[m[K’ in ‘[01m[K((PavbotIMU*)this)->PavbotIMU::heading[m[K’, which is of non-class type ‘[01m[Kdouble[m[K’
   46 | g.data = static_cast<float>(heading.[01;31m[Kvalue[m[K());
      |                                     [01;31m[K^~~~~[m[K

gmake[2]: *** [CMakeFiles/pavbot_imu.dir/build.make:76: CMakeFiles/pavbot_imu.dir/src/pavbot_imu.cpp.o] Error 1
gmake[1]: *** [CMakeFiles/Makefile2:137: CMakeFiles/pavbot_imu.dir/all] Error 2
gmake: *** [Makefile:146: all] Error 2
